{"/home/travis/build/npmtest/node-npmtest-web-push/test.js":{"path":"/home/travis/build/npmtest/node-npmtest-web-push/test.js","s":{"1":2,"2":2,"3":2,"4":2,"5":2,"6":2,"7":2,"8":1,"9":2,"10":2,"11":1,"12":1,"13":1,"14":1,"15":2,"16":2,"17":2,"18":2,"19":1,"20":1,"21":2,"22":2,"23":2,"24":1,"25":1,"26":1,"27":1,"28":1,"29":1,"30":1,"31":1,"32":1,"33":1,"34":1,"35":1,"36":1,"37":1,"38":1,"39":2,"40":2,"41":1,"42":2,"43":2,"44":1,"45":2,"46":2,"47":1,"48":2,"49":2,"50":1,"51":1,"52":1,"53":1,"54":1},"b":{"1":[2,1,1,1],"2":[1,1,1,1],"3":[1,1],"4":[1,1],"5":[1,1],"6":[1,1],"7":[1,1],"8":[1,1],"9":[1,1],"10":[1,1,1],"11":[1,1],"12":[1,1],"13":[1,1],"14":[1,1],"15":[1,1],"16":[1,1],"17":[1,1]},"f":{"1":2,"2":2,"3":2,"4":2,"5":2,"6":1,"7":1,"8":1,"9":2,"10":2,"11":2,"12":2,"13":1},"fnMap":{"1":{"name":"(anonymous_1)","line":12,"loc":{"start":{"line":12,"column":1},"end":{"line":12,"column":13}}},"2":{"name":"(anonymous_2)","line":19,"loc":{"start":{"line":19,"column":5},"end":{"line":19,"column":17}}},"3":{"name":"(anonymous_3)","line":23,"loc":{"start":{"line":23,"column":24},"end":{"line":23,"column":36}}},"4":{"name":"(anonymous_4)","line":61,"loc":{"start":{"line":61,"column":5},"end":{"line":61,"column":17}}},"5":{"name":"(anonymous_5)","line":82,"loc":{"start":{"line":82,"column":5},"end":{"line":82,"column":17}}},"6":{"name":"(anonymous_6)","line":91,"loc":{"start":{"line":91,"column":77},"end":{"line":94,"column":10}}},"7":{"name":"(anonymous_7)","line":112,"loc":{"start":{"line":112,"column":83},"end":{"line":115,"column":10}},"skip":true},"8":{"name":"(anonymous_8)","line":123,"loc":{"start":{"line":123,"column":77},"end":{"line":126,"column":10}},"skip":true},"9":{"name":"(anonymous_9)","line":139,"loc":{"start":{"line":139,"column":12},"end":{"line":139,"column":40}},"skip":true},"10":{"name":"(anonymous_10)","line":147,"loc":{"start":{"line":147,"column":77},"end":{"line":150,"column":10}},"skip":true},"11":{"name":"(anonymous_11)","line":158,"loc":{"start":{"line":158,"column":83},"end":{"line":161,"column":10}},"skip":true},"12":{"name":"(anonymous_12)","line":169,"loc":{"start":{"line":169,"column":79},"end":{"line":172,"column":10}},"skip":true},"13":{"name":"(anonymous_13)","line":180,"loc":{"start":{"line":180,"column":75},"end":{"line":183,"column":10}},"skip":true}},"statementMap":{"1":{"start":{"line":12,"column":0},"end":{"line":195,"column":5}},"2":{"start":{"line":14,"column":4},"end":{"line":14,"column":14}},"3":{"start":{"line":19,"column":4},"end":{"line":56,"column":9}},"4":{"start":{"line":21,"column":8},"end":{"line":21,"column":19}},"5":{"start":{"line":23,"column":8},"end":{"line":35,"column":13}},"6":{"start":{"line":24,"column":12},"end":{"line":34,"column":13}},"7":{"start":{"line":25,"column":16},"end":{"line":28,"column":30}},"8":{"start":{"line":30,"column":16},"end":{"line":33,"column":27}},"9":{"start":{"line":37,"column":8},"end":{"line":39,"column":21}},"10":{"start":{"line":40,"column":8},"end":{"line":53,"column":9}},"11":{"start":{"line":43,"column":12},"end":{"line":46,"column":14}},"12":{"start":{"line":47,"column":12},"end":{"line":47,"column":18}},"13":{"start":{"line":50,"column":12},"end":{"line":51,"column":46}},"14":{"start":{"line":52,"column":12},"end":{"line":52,"column":18}},"15":{"start":{"line":55,"column":8},"end":{"line":55,"column":35}},"16":{"start":{"line":61,"column":4},"end":{"line":63,"column":9}},"17":{"start":{"line":62,"column":8},"end":{"line":62,"column":15}},"18":{"start":{"line":64,"column":4},"end":{"line":77,"column":5}},"19":{"start":{"line":70,"column":8},"end":{"line":70,"column":14}},"20":{"start":{"line":76,"column":8},"end":{"line":76,"column":14}},"21":{"start":{"line":82,"column":4},"end":{"line":84,"column":9}},"22":{"start":{"line":83,"column":8},"end":{"line":83,"column":15}},"23":{"start":{"line":85,"column":4},"end":{"line":194,"column":5}},"24":{"start":{"line":91,"column":8},"end":{"line":99,"column":10}},"25":{"start":{"line":98,"column":12},"end":{"line":98,"column":35}},"26":{"start":{"line":102,"column":8},"end":{"line":104,"column":63}},"27":{"start":{"line":105,"column":8},"end":{"line":105,"column":14}},"28":{"start":{"line":112,"column":8},"end":{"line":121,"column":10},"skip":true},"29":{"start":{"line":119,"column":12},"end":{"line":119,"column":55},"skip":true},"30":{"start":{"line":120,"column":12},"end":{"line":120,"column":48},"skip":true},"31":{"start":{"line":123,"column":8},"end":{"line":136,"column":10},"skip":true},"32":{"start":{"line":130,"column":12},"end":{"line":130,"column":76},"skip":true},"33":{"start":{"line":131,"column":12},"end":{"line":131,"column":73},"skip":true},"34":{"start":{"line":132,"column":12},"end":{"line":132,"column":74},"skip":true},"35":{"start":{"line":133,"column":12},"end":{"line":133,"column":79},"skip":true},"36":{"start":{"line":134,"column":12},"end":{"line":134,"column":25},"skip":true},"37":{"start":{"line":135,"column":12},"end":{"line":135,"column":45},"skip":true},"38":{"start":{"line":138,"column":8},"end":{"line":145,"column":14},"skip":true},"39":{"start":{"line":143,"column":16},"end":{"line":143,"column":29},"skip":true},"40":{"start":{"line":144,"column":16},"end":{"line":144,"column":55},"skip":true},"41":{"start":{"line":147,"column":8},"end":{"line":156,"column":10},"skip":true},"42":{"start":{"line":154,"column":12},"end":{"line":154,"column":25},"skip":true},"43":{"start":{"line":155,"column":12},"end":{"line":155,"column":45},"skip":true},"44":{"start":{"line":158,"column":8},"end":{"line":167,"column":10},"skip":true},"45":{"start":{"line":165,"column":12},"end":{"line":165,"column":25},"skip":true},"46":{"start":{"line":166,"column":12},"end":{"line":166,"column":48},"skip":true},"47":{"start":{"line":169,"column":8},"end":{"line":178,"column":10},"skip":true},"48":{"start":{"line":176,"column":12},"end":{"line":176,"column":25},"skip":true},"49":{"start":{"line":177,"column":12},"end":{"line":177,"column":46},"skip":true},"50":{"start":{"line":180,"column":8},"end":{"line":189,"column":10},"skip":true},"51":{"start":{"line":187,"column":12},"end":{"line":187,"column":94},"skip":true},"52":{"start":{"line":188,"column":12},"end":{"line":188,"column":48},"skip":true},"53":{"start":{"line":192,"column":8},"end":{"line":192,"column":35},"skip":true},"54":{"start":{"line":193,"column":8},"end":{"line":193,"column":14},"skip":true}},"branchMap":{"1":{"line":25,"type":"binary-expr","locations":[{"start":{"line":25,"column":23},"end":{"line":25,"column":62}},{"start":{"line":26,"column":20},"end":{"line":26,"column":70}},{"start":{"line":27,"column":20},"end":{"line":27,"column":71}},{"start":{"line":28,"column":20},"end":{"line":28,"column":29}}]},"2":{"line":30,"type":"binary-expr","locations":[{"start":{"line":30,"column":23},"end":{"line":30,"column":37}},{"start":{"line":31,"column":20},"end":{"line":31,"column":61}},{"start":{"line":32,"column":20},"end":{"line":32,"column":70}},{"start":{"line":33,"column":20},"end":{"line":33,"column":26}}]},"3":{"line":37,"type":"cond-expr","locations":[{"start":{"line":38,"column":14},"end":{"line":38,"column":20}},{"start":{"line":39,"column":14},"end":{"line":39,"column":20}}]},"4":{"line":40,"type":"switch","locations":[{"start":{"line":42,"column":8},"end":{"line":47,"column":18}},{"start":{"line":49,"column":8},"end":{"line":52,"column":18}}]},"5":{"line":44,"type":"binary-expr","locations":[{"start":{"line":44,"column":16},"end":{"line":44,"column":44}},{"start":{"line":44,"column":48},"end":{"line":44,"column":66}}]},"6":{"line":50,"type":"binary-expr","locations":[{"start":{"line":50,"column":21},"end":{"line":50,"column":49}},{"start":{"line":50,"column":53},"end":{"line":50,"column":72}}]},"7":{"line":64,"type":"switch","locations":[{"start":{"line":69,"column":4},"end":{"line":70,"column":14}},{"start":{"line":75,"column":4},"end":{"line":76,"column":14}}]},"8":{"line":85,"type":"switch","locations":[{"start":{"line":90,"column":4},"end":{"line":105,"column":14}},{"start":{"line":111,"column":4},"end":{"line":193,"column":14},"skip":true}]},"9":{"line":91,"type":"binary-expr","locations":[{"start":{"line":91,"column":42},"end":{"line":91,"column":73}},{"start":{"line":91,"column":77},"end":{"line":99,"column":9}}]},"10":{"line":102,"type":"binary-expr","locations":[{"start":{"line":102,"column":18},"end":{"line":102,"column":32}},{"start":{"line":103,"column":12},"end":{"line":103,"column":53}},{"start":{"line":104,"column":12},"end":{"line":104,"column":61}}]},"11":{"line":112,"type":"binary-expr","locations":[{"start":{"line":112,"column":45},"end":{"line":112,"column":79},"skip":true},{"start":{"line":112,"column":83},"end":{"line":121,"column":9},"skip":true}]},"12":{"line":123,"type":"binary-expr","locations":[{"start":{"line":123,"column":42},"end":{"line":123,"column":73},"skip":true},{"start":{"line":123,"column":77},"end":{"line":136,"column":9},"skip":true}]},"13":{"line":138,"type":"binary-expr","locations":[{"start":{"line":138,"column":48},"end":{"line":138,"column":85},"skip":true},{"start":{"line":139,"column":12},"end":{"line":145,"column":13},"skip":true}]},"14":{"line":147,"type":"binary-expr","locations":[{"start":{"line":147,"column":42},"end":{"line":147,"column":73},"skip":true},{"start":{"line":147,"column":77},"end":{"line":156,"column":9},"skip":true}]},"15":{"line":158,"type":"binary-expr","locations":[{"start":{"line":158,"column":45},"end":{"line":158,"column":79},"skip":true},{"start":{"line":158,"column":83},"end":{"line":167,"column":9},"skip":true}]},"16":{"line":169,"type":"binary-expr","locations":[{"start":{"line":169,"column":43},"end":{"line":169,"column":75},"skip":true},{"start":{"line":169,"column":79},"end":{"line":178,"column":9},"skip":true}]},"17":{"line":180,"type":"binary-expr","locations":[{"start":{"line":180,"column":41},"end":{"line":180,"column":71},"skip":true},{"start":{"line":180,"column":75},"end":{"line":189,"column":9},"skip":true}]}},"code":["/* istanbul instrument in package npmtest_web_push */","/*jslint","    bitwise: true,","    browser: true,","    maxerr: 8,","    maxlen: 96,","    node: true,","    nomen: true,","    regexp: true,","    stupid: true","*/","(function () {","    'use strict';","    var local;","","","","    // run shared js-env code - pre-init","    (function () {","        // init local","        local = {};","        // init modeJs","        local.modeJs = (function () {","            try {","                return typeof navigator.userAgent === 'string' &&","                    typeof document.querySelector('body') === 'object' &&","                    typeof XMLHttpRequest.prototype.open === 'function' &&","                    'browser';","            } catch (errorCaughtBrowser) {","                return module.exports &&","                    typeof process.versions.node === 'string' &&","                    typeof require('http').createServer === 'function' &&","                    'node';","            }","        }());","        // init global","        local.global = local.modeJs === 'browser'","            ? window","            : global;","        switch (local.modeJs) {","        // re-init local from window.local","        case 'browser':","            local = local.global.utility2.objectSetDefault(","                local.global.utility2_rollup || local.global.local,","                local.global.utility2","            );","            break;","        // re-init local from example.js","        case 'node':","            local = (local.global.utility2_rollup || require('utility2'))","                .requireExampleJsFromReadme();","            break;","        }","        // export local","        local.global.local = local;","    }());","","","","    // run shared js-env code - function","    (function () {","        return;","    }());","    switch (local.modeJs) {","","","","    // run browser js-env code - function","    case 'browser':","        break;","","","","    // run node js-env code - function","    case 'node':","        break;","    }","","","","    // run shared js-env code - post-init","    (function () {","        return;","    }());","    switch (local.modeJs) {","","","","    // run browser js-env code - post-init","    case 'browser':","        local.testCase_browser_nullCase = local.testCase_browser_nullCase || function (","            options,","            onError","        ) {","        /*","         * this function will test browsers's null-case handling-behavior-behavior","         */","            onError(null, options);","        };","","        // run tests","        local.nop(local.modeTest &&","            document.querySelector('#testRunButton1') &&","            document.querySelector('#testRunButton1').click());","        break;","","","","    // run node js-env code - post-init","    /* istanbul ignore next */","    case 'node':","        local.testCase_buildApidoc_default = local.testCase_buildApidoc_default || function (","            options,","            onError","        ) {","        /*","         * this function will test buildApidoc's default handling-behavior-behavior","         */","            options = { modulePathList: module.paths };","            local.buildApidoc(options, onError);","        };","","        local.testCase_buildApp_default = local.testCase_buildApp_default || function (","            options,","            onError","        ) {","        /*","         * this function will test buildApp's default handling-behavior-behavior","         */","            local.testCase_buildReadme_default(options, local.onErrorThrow);","            local.testCase_buildLib_default(options, local.onErrorThrow);","            local.testCase_buildTest_default(options, local.onErrorThrow);","            local.testCase_buildCustomOrg_default(options, local.onErrorThrow);","            options = [];","            local.buildApp(options, onError);","        };","","        local.testCase_buildCustomOrg_default = local.testCase_buildCustomOrg_default ||","            function (options, onError) {","            /*","             * this function will test buildCustomOrg's default handling-behavior","             */","                options = {};","                local.buildCustomOrg(options, onError);","            };","","        local.testCase_buildLib_default = local.testCase_buildLib_default || function (","            options,","            onError","        ) {","        /*","         * this function will test buildLib's default handling-behavior","         */","            options = {};","            local.buildLib(options, onError);","        };","","        local.testCase_buildReadme_default = local.testCase_buildReadme_default || function (","            options,","            onError","        ) {","        /*","         * this function will test buildReadme's default handling-behavior-behavior","         */","            options = {};","            local.buildReadme(options, onError);","        };","","        local.testCase_buildTest_default = local.testCase_buildTest_default || function (","            options,","            onError","        ) {","        /*","         * this function will test buildTest's default handling-behavior","         */","            options = {};","            local.buildTest(options, onError);","        };","","        local.testCase_webpage_default = local.testCase_webpage_default || function (","            options,","            onError","        ) {","        /*","         * this function will test webpage's default handling-behavior","         */","            options = { modeCoverageMerge: true, url: local.serverLocalHost + '?modeTest=1' };","            local.browserTest(options, onError);","        };","","        // run test-server","        local.testRunServer(local);","        break;","    }","}());",""],"l":{"12":2,"14":2,"19":2,"21":2,"23":2,"24":2,"25":2,"30":1,"37":2,"40":2,"43":1,"47":1,"50":1,"52":1,"55":2,"61":2,"62":2,"64":2,"70":1,"76":1,"82":2,"83":2,"85":2,"91":1,"98":1,"102":1,"105":1,"112":1,"119":1,"120":1,"123":1,"130":1,"131":1,"132":1,"133":1,"134":1,"135":1,"138":1,"143":2,"144":2,"147":1,"154":2,"155":2,"158":1,"165":2,"166":2,"169":1,"176":2,"177":2,"180":1,"187":1,"188":1,"192":1,"193":1}},"/home/travis/build/npmtest/node-npmtest-web-push/lib.npmtest_web_push.js":{"path":"/home/travis/build/npmtest/node-npmtest-web-push/lib.npmtest_web_push.js","s":{"1":2,"2":2,"3":2,"4":2,"5":2,"6":2,"7":2,"8":1,"9":2,"10":2,"11":2,"12":2,"13":1,"14":1,"15":1,"16":1},"b":{"1":[2,1,1,1],"2":[1,1,1,1],"3":[1,1],"4":[2,2],"5":[1,1]},"f":{"1":2,"2":2,"3":2},"fnMap":{"1":{"name":"(anonymous_1)","line":12,"loc":{"start":{"line":12,"column":1},"end":{"line":12,"column":13}}},"2":{"name":"(anonymous_2)","line":19,"loc":{"start":{"line":19,"column":5},"end":{"line":19,"column":17}}},"3":{"name":"(anonymous_3)","line":23,"loc":{"start":{"line":23,"column":24},"end":{"line":23,"column":36}}}},"statementMap":{"1":{"start":{"line":12,"column":0},"end":{"line":53,"column":5}},"2":{"start":{"line":14,"column":4},"end":{"line":14,"column":14}},"3":{"start":{"line":19,"column":4},"end":{"line":52,"column":9}},"4":{"start":{"line":21,"column":8},"end":{"line":21,"column":19}},"5":{"start":{"line":23,"column":8},"end":{"line":35,"column":13}},"6":{"start":{"line":24,"column":12},"end":{"line":34,"column":13}},"7":{"start":{"line":25,"column":16},"end":{"line":28,"column":30}},"8":{"start":{"line":30,"column":16},"end":{"line":33,"column":27}},"9":{"start":{"line":37,"column":8},"end":{"line":39,"column":21}},"10":{"start":{"line":41,"column":8},"end":{"line":41,"column":54}},"11":{"start":{"line":43,"column":8},"end":{"line":43,"column":53}},"12":{"start":{"line":45,"column":8},"end":{"line":51,"column":9}},"13":{"start":{"line":46,"column":12},"end":{"line":46,"column":59}},"14":{"start":{"line":48,"column":12},"end":{"line":48,"column":35}},"15":{"start":{"line":49,"column":12},"end":{"line":49,"column":49}},"16":{"start":{"line":50,"column":12},"end":{"line":50,"column":43}}},"branchMap":{"1":{"line":25,"type":"binary-expr","locations":[{"start":{"line":25,"column":23},"end":{"line":25,"column":62}},{"start":{"line":26,"column":20},"end":{"line":26,"column":70}},{"start":{"line":27,"column":20},"end":{"line":27,"column":71}},{"start":{"line":28,"column":20},"end":{"line":28,"column":29}}]},"2":{"line":30,"type":"binary-expr","locations":[{"start":{"line":30,"column":23},"end":{"line":30,"column":37}},{"start":{"line":31,"column":20},"end":{"line":31,"column":61}},{"start":{"line":32,"column":20},"end":{"line":32,"column":70}},{"start":{"line":33,"column":20},"end":{"line":33,"column":26}}]},"3":{"line":37,"type":"cond-expr","locations":[{"start":{"line":38,"column":14},"end":{"line":38,"column":20}},{"start":{"line":39,"column":14},"end":{"line":39,"column":20}}]},"4":{"line":41,"type":"binary-expr","locations":[{"start":{"line":41,"column":16},"end":{"line":41,"column":44}},{"start":{"line":41,"column":48},"end":{"line":41,"column":53}}]},"5":{"line":45,"type":"if","locations":[{"start":{"line":45,"column":8},"end":{"line":45,"column":8}},{"start":{"line":45,"column":8},"end":{"line":45,"column":8}}]}},"code":["/* istanbul instrument in package npmtest_web_push */","/*jslint","    bitwise: true,","    browser: true,","    maxerr: 8,","    maxlen: 96,","    node: true,","    nomen: true,","    regexp: true,","    stupid: true","*/","(function () {","    'use strict';","    var local;","","","","    // run shared js-env code - pre-init","    (function () {","        // init local","        local = {};","        // init modeJs","        local.modeJs = (function () {","            try {","                return typeof navigator.userAgent === 'string' &&","                    typeof document.querySelector('body') === 'object' &&","                    typeof XMLHttpRequest.prototype.open === 'function' &&","                    'browser';","            } catch (errorCaughtBrowser) {","                return module.exports &&","                    typeof process.versions.node === 'string' &&","                    typeof require('http').createServer === 'function' &&","                    'node';","            }","        }());","        // init global","        local.global = local.modeJs === 'browser'","            ? window","            : global;","        // init utility2_rollup","        local = local.global.utility2_rollup || local;","        // init lib","        local.local = local.npmtest_web_push = local;","        // init exports","        if (local.modeJs === 'browser') {","            local.global.utility2_npmtest_web_push = local;","        } else {","            module.exports = local;","            module.exports.__dirname = __dirname;","            module.exports.module = module;","        }","    }());","}());",""],"l":{"12":2,"14":2,"19":2,"21":2,"23":2,"24":2,"25":2,"30":1,"37":2,"41":2,"43":2,"45":2,"46":1,"48":1,"49":1,"50":1}},"/home/travis/build/npmtest/node-npmtest-web-push/example.js":{"path":"/home/travis/build/npmtest/node-npmtest-web-push/example.js","s":{"1":2,"2":2,"3":2,"4":2,"5":2,"6":2,"7":2,"8":1,"9":2,"10":2,"11":2,"12":2,"13":1,"14":2,"15":2,"16":2,"17":2,"18":2,"19":0,"20":2,"21":1,"22":1,"23":1,"24":1,"25":1,"26":0,"27":0,"28":1,"29":1,"30":2,"31":0,"32":0,"33":0,"34":1,"35":2,"36":2,"37":3,"38":3,"39":3,"40":3,"41":0,"42":3,"43":3,"44":3,"45":1,"46":3,"47":1,"48":1,"49":1,"50":1,"51":1,"52":1,"53":1,"54":1,"55":1,"56":1,"57":0,"58":1,"59":6,"60":6,"61":1,"62":2,"63":0,"64":2,"65":1,"66":1,"67":0,"68":0,"69":0,"70":0,"71":0,"72":0,"73":0,"74":0,"75":0,"76":0,"77":0,"78":0,"79":0,"80":0,"81":0,"82":0,"83":0},"b":{"1":[2,1,1,1],"2":[1,1,1,1],"3":[1,1],"4":[2,2],"5":[1,1],"6":[1,1],"7":[2,0],"8":[2,1,1,1,1,1],"9":[0,2,0],"10":[1,1],"11":[2,1,1],"12":[1,0],"13":[0,2],"14":[2,0,0,0,0,0,0],"15":[0,3],"16":[3,0],"17":[1,1],"18":[0,1],"19":[1,2,0,2],"20":[1,0],"21":[1,1],"22":[0,0],"23":[0,0],"24":[0,0],"25":[0,0],"26":[0,0],"27":[0,0],"28":[0,0]},"f":{"1":2,"2":2,"3":2,"4":2,"5":2,"6":2,"7":3,"8":3,"9":3,"10":1,"11":6,"12":0},"fnMap":{"1":{"name":"(anonymous_1)","line":26,"loc":{"start":{"line":26,"column":1},"end":{"line":26,"column":13}}},"2":{"name":"(anonymous_2)","line":33,"loc":{"start":{"line":33,"column":5},"end":{"line":33,"column":17}}},"3":{"name":"(anonymous_3)","line":37,"loc":{"start":{"line":37,"column":24},"end":{"line":37,"column":36}}},"4":{"name":"(anonymous_4)","line":69,"loc":{"start":{"line":69,"column":31},"end":{"line":69,"column":48}},"skip":true},"5":{"name":"(anonymous_5)","line":78,"loc":{"start":{"line":78,"column":26},"end":{"line":78,"column":45}},"skip":true},"6":{"name":"(anonymous_6)","line":123,"loc":{"start":{"line":123,"column":33},"end":{"line":123,"column":48}},"skip":true},"7":{"name":"(anonymous_7)","line":125,"loc":{"start":{"line":125,"column":27},"end":{"line":125,"column":39}},"skip":true},"8":{"name":"(anonymous_8)","line":133,"loc":{"start":{"line":133,"column":59},"end":{"line":133,"column":74}},"skip":true},"9":{"name":"(anonymous_9)","line":143,"loc":{"start":{"line":143,"column":45},"end":{"line":143,"column":62}},"skip":true},"10":{"name":"(anonymous_10)","line":144,"loc":{"start":{"line":144,"column":73},"end":{"line":144,"column":92}},"skip":true},"11":{"name":"(anonymous_11)","line":272,"loc":{"start":{"line":272,"column":51},"end":{"line":272,"column":77}},"skip":true},"12":{"name":"(anonymous_12)","line":314,"loc":{"start":{"line":314,"column":32},"end":{"line":314,"column":61}},"skip":true}},"statementMap":{"1":{"start":{"line":26,"column":0},"end":{"line":325,"column":5}},"2":{"start":{"line":28,"column":4},"end":{"line":28,"column":14}},"3":{"start":{"line":33,"column":4},"end":{"line":60,"column":9}},"4":{"start":{"line":35,"column":8},"end":{"line":35,"column":19}},"5":{"start":{"line":37,"column":8},"end":{"line":49,"column":13}},"6":{"start":{"line":38,"column":12},"end":{"line":48,"column":13}},"7":{"start":{"line":39,"column":16},"end":{"line":42,"column":30}},"8":{"start":{"line":44,"column":16},"end":{"line":47,"column":27}},"9":{"start":{"line":51,"column":8},"end":{"line":53,"column":21}},"10":{"start":{"line":55,"column":8},"end":{"line":57,"column":45}},"11":{"start":{"line":59,"column":8},"end":{"line":59,"column":35}},"12":{"start":{"line":61,"column":4},"end":{"line":324,"column":5}},"13":{"start":{"line":69,"column":8},"end":{"line":121,"column":10},"skip":true},"14":{"start":{"line":70,"column":12},"end":{"line":88,"column":13},"skip":true},"15":{"start":{"line":76,"column":16},"end":{"line":87,"column":19},"skip":true},"16":{"start":{"line":79,"column":20},"end":{"line":86,"column":21},"skip":true},"17":{"start":{"line":82,"column":24},"end":{"line":82,"column":43},"skip":true},"18":{"start":{"line":83,"column":24},"end":{"line":83,"column":30},"skip":true},"19":{"start":{"line":85,"column":24},"end":{"line":85,"column":49},"skip":true},"20":{"start":{"line":89,"column":12},"end":{"line":107,"column":13},"skip":true},"21":{"start":{"line":92,"column":16},"end":{"line":102,"column":17},"skip":true},"22":{"start":{"line":93,"column":20},"end":{"line":93,"column":86},"skip":true},"23":{"start":{"line":94,"column":20},"end":{"line":95,"column":45},"skip":true},"24":{"start":{"line":96,"column":20},"end":{"line":96,"column":42},"skip":true},"25":{"start":{"line":97,"column":20},"end":{"line":97,"column":48},"skip":true},"26":{"start":{"line":100,"column":20},"end":{"line":100,"column":85},"skip":true},"27":{"start":{"line":101,"column":20},"end":{"line":101,"column":96},"skip":true},"28":{"start":{"line":103,"column":16},"end":{"line":103,"column":22},"skip":true},"29":{"start":{"line":106,"column":16},"end":{"line":106,"column":22},"skip":true},"30":{"start":{"line":108,"column":12},"end":{"line":120,"column":13},"skip":true},"31":{"start":{"line":114,"column":16},"end":{"line":119,"column":17},"skip":true},"32":{"start":{"line":116,"column":20},"end":{"line":116,"column":78},"skip":true},"33":{"start":{"line":118,"column":20},"end":{"line":118,"column":47},"skip":true},"34":{"start":{"line":123,"column":8},"end":{"line":141,"column":11},"skip":true},"35":{"start":{"line":124,"column":12},"end":{"line":124,"column":54},"skip":true},"36":{"start":{"line":125,"column":12},"end":{"line":140,"column":14},"skip":true},"37":{"start":{"line":126,"column":16},"end":{"line":126,"column":28},"skip":true},"38":{"start":{"line":127,"column":16},"end":{"line":127,"column":69},"skip":true},"39":{"start":{"line":128,"column":16},"end":{"line":128,"column":75},"skip":true},"40":{"start":{"line":129,"column":16},"end":{"line":131,"column":17},"skip":true},"41":{"start":{"line":130,"column":20},"end":{"line":130,"column":27},"skip":true},"42":{"start":{"line":133,"column":16},"end":{"line":137,"column":36},"skip":true},"43":{"start":{"line":134,"column":20},"end":{"line":136,"column":55},"skip":true},"44":{"start":{"line":139,"column":16},"end":{"line":139,"column":57},"skip":true},"45":{"start":{"line":143,"column":8},"end":{"line":147,"column":11},"skip":true},"46":{"start":{"line":144,"column":12},"end":{"line":146,"column":15},"skip":true},"47":{"start":{"line":145,"column":16},"end":{"line":145,"column":70},"skip":true},"48":{"start":{"line":149,"column":8},"end":{"line":149,"column":31},"skip":true},"49":{"start":{"line":150,"column":8},"end":{"line":150,"column":14},"skip":true},"50":{"start":{"line":158,"column":8},"end":{"line":158,"column":31},"skip":true},"51":{"start":{"line":160,"column":8},"end":{"line":160,"column":33},"skip":true},"52":{"start":{"line":161,"column":8},"end":{"line":161,"column":37},"skip":true},"53":{"start":{"line":162,"column":8},"end":{"line":162,"column":35},"skip":true},"54":{"start":{"line":164,"column":8},"end":{"line":164,"column":50},"skip":true},"55":{"start":{"line":166,"column":8},"end":{"line":256,"column":2},"skip":true},"56":{"start":{"line":258,"column":8},"end":{"line":286,"column":9},"skip":true},"57":{"start":{"line":259,"column":12},"end":{"line":269,"column":14},"skip":true},"58":{"start":{"line":271,"column":12},"end":{"line":285,"column":19},"skip":true},"59":{"start":{"line":274,"column":20},"end":{"line":274,"column":35},"skip":true},"60":{"start":{"line":275,"column":20},"end":{"line":284,"column":21},"skip":true},"61":{"start":{"line":277,"column":24},"end":{"line":277,"column":64},"skip":true},"62":{"start":{"line":279,"column":24},"end":{"line":279,"column":40},"skip":true},"63":{"start":{"line":281,"column":24},"end":{"line":281,"column":40},"skip":true},"64":{"start":{"line":283,"column":24},"end":{"line":283,"column":39},"skip":true},"65":{"start":{"line":288,"column":8},"end":{"line":290,"column":9},"skip":true},"66":{"start":{"line":289,"column":12},"end":{"line":289,"column":18},"skip":true},"67":{"start":{"line":291,"column":8},"end":{"line":293,"column":54},"skip":true},"68":{"start":{"line":294,"column":8},"end":{"line":301,"column":37},"skip":true},"69":{"start":{"line":302,"column":8},"end":{"line":302,"column":82},"skip":true},"70":{"start":{"line":305,"column":8},"end":{"line":307,"column":9},"skip":true},"71":{"start":{"line":306,"column":12},"end":{"line":306,"column":82},"skip":true},"72":{"start":{"line":309,"column":8},"end":{"line":311,"column":9},"skip":true},"73":{"start":{"line":310,"column":12},"end":{"line":310,"column":18},"skip":true},"74":{"start":{"line":312,"column":8},"end":{"line":312,"column":54},"skip":true},"75":{"start":{"line":313,"column":8},"end":{"line":313,"column":69},"skip":true},"76":{"start":{"line":314,"column":8},"end":{"line":322,"column":36},"skip":true},"77":{"start":{"line":315,"column":12},"end":{"line":315,"column":61},"skip":true},"78":{"start":{"line":316,"column":12},"end":{"line":319,"column":13},"skip":true},"79":{"start":{"line":317,"column":16},"end":{"line":317,"column":75},"skip":true},"80":{"start":{"line":318,"column":16},"end":{"line":318,"column":23},"skip":true},"81":{"start":{"line":320,"column":12},"end":{"line":320,"column":38},"skip":true},"82":{"start":{"line":321,"column":12},"end":{"line":321,"column":27},"skip":true},"83":{"start":{"line":323,"column":8},"end":{"line":323,"column":14},"skip":true}},"branchMap":{"1":{"line":39,"type":"binary-expr","locations":[{"start":{"line":39,"column":23},"end":{"line":39,"column":62}},{"start":{"line":40,"column":20},"end":{"line":40,"column":70}},{"start":{"line":41,"column":20},"end":{"line":41,"column":71}},{"start":{"line":42,"column":20},"end":{"line":42,"column":29}}]},"2":{"line":44,"type":"binary-expr","locations":[{"start":{"line":44,"column":23},"end":{"line":44,"column":37}},{"start":{"line":45,"column":20},"end":{"line":45,"column":61}},{"start":{"line":46,"column":20},"end":{"line":46,"column":70}},{"start":{"line":47,"column":20},"end":{"line":47,"column":26}}]},"3":{"line":51,"type":"cond-expr","locations":[{"start":{"line":52,"column":14},"end":{"line":52,"column":20}},{"start":{"line":53,"column":14},"end":{"line":53,"column":20}}]},"4":{"line":55,"type":"binary-expr","locations":[{"start":{"line":55,"column":16},"end":{"line":55,"column":44}},{"start":{"line":55,"column":49},"end":{"line":57,"column":43}}]},"5":{"line":55,"type":"cond-expr","locations":[{"start":{"line":56,"column":14},"end":{"line":56,"column":52}},{"start":{"line":57,"column":14},"end":{"line":57,"column":43}}]},"6":{"line":61,"type":"switch","locations":[{"start":{"line":68,"column":4},"end":{"line":150,"column":14},"skip":true},{"start":{"line":156,"column":4},"end":{"line":323,"column":14},"skip":true}]},"7":{"line":70,"type":"if","locations":[{"start":{"line":70,"column":12},"end":{"line":70,"column":12},"skip":true},{"start":{"line":70,"column":12},"end":{"line":70,"column":12},"skip":true}]},"8":{"line":70,"type":"binary-expr","locations":[{"start":{"line":70,"column":16},"end":{"line":70,"column":22},"skip":true},{"start":{"line":70,"column":27},"end":{"line":70,"column":32},"skip":true},{"start":{"line":71,"column":20},"end":{"line":71,"column":39},"skip":true},{"start":{"line":72,"column":20},"end":{"line":72,"column":49},"skip":true},{"start":{"line":73,"column":20},"end":{"line":73,"column":58},"skip":true},{"start":{"line":74,"column":20},"end":{"line":74,"column":69},"skip":true}]},"9":{"line":79,"type":"switch","locations":[{"start":{"line":80,"column":20},"end":{"line":80,"column":33},"skip":true},{"start":{"line":81,"column":20},"end":{"line":83,"column":30},"skip":true},{"start":{"line":84,"column":20},"end":{"line":85,"column":49},"skip":true}]},"10":{"line":89,"type":"switch","locations":[{"start":{"line":90,"column":12},"end":{"line":103,"column":22},"skip":true},{"start":{"line":105,"column":12},"end":{"line":106,"column":22},"skip":true}]},"11":{"line":89,"type":"binary-expr","locations":[{"start":{"line":89,"column":20},"end":{"line":89,"column":25},"skip":true},{"start":{"line":89,"column":29},"end":{"line":89,"column":48},"skip":true},{"start":{"line":89,"column":52},"end":{"line":89,"column":74},"skip":true}]},"12":{"line":92,"type":"if","locations":[{"start":{"line":92,"column":16},"end":{"line":92,"column":16},"skip":true},{"start":{"line":92,"column":16},"end":{"line":92,"column":16},"skip":true}]},"13":{"line":108,"type":"if","locations":[{"start":{"line":108,"column":12},"end":{"line":108,"column":12},"skip":true},{"start":{"line":108,"column":12},"end":{"line":108,"column":12},"skip":true}]},"14":{"line":108,"type":"binary-expr","locations":[{"start":{"line":108,"column":16},"end":{"line":108,"column":61},"skip":true},{"start":{"line":108,"column":66},"end":{"line":108,"column":72},"skip":true},{"start":{"line":108,"column":77},"end":{"line":108,"column":82},"skip":true},{"start":{"line":109,"column":20},"end":{"line":109,"column":39},"skip":true},{"start":{"line":110,"column":20},"end":{"line":110,"column":49},"skip":true},{"start":{"line":111,"column":20},"end":{"line":111,"column":58},"skip":true},{"start":{"line":112,"column":20},"end":{"line":112,"column":68},"skip":true}]},"15":{"line":129,"type":"if","locations":[{"start":{"line":129,"column":16},"end":{"line":129,"column":16},"skip":true},{"start":{"line":129,"column":16},"end":{"line":129,"column":16},"skip":true}]},"16":{"line":134,"type":"cond-expr","locations":[{"start":{"line":135,"column":26},"end":{"line":135,"column":29},"skip":true},{"start":{"line":136,"column":26},"end":{"line":136,"column":54},"skip":true}]},"17":{"line":164,"type":"binary-expr","locations":[{"start":{"line":164,"column":27},"end":{"line":164,"column":43},"skip":true},{"start":{"line":164,"column":47},"end":{"line":164,"column":49},"skip":true}]},"18":{"line":258,"type":"if","locations":[{"start":{"line":258,"column":8},"end":{"line":258,"column":8},"skip":true},{"start":{"line":258,"column":8},"end":{"line":258,"column":8},"skip":true}]},"19":{"line":275,"type":"switch","locations":[{"start":{"line":276,"column":20},"end":{"line":277,"column":64},"skip":true},{"start":{"line":278,"column":20},"end":{"line":279,"column":40},"skip":true},{"start":{"line":280,"column":20},"end":{"line":281,"column":40},"skip":true},{"start":{"line":282,"column":20},"end":{"line":283,"column":39},"skip":true}]},"20":{"line":288,"type":"if","locations":[{"start":{"line":288,"column":8},"end":{"line":288,"column":8},"skip":true},{"start":{"line":288,"column":8},"end":{"line":288,"column":8},"skip":true}]},"21":{"line":288,"type":"binary-expr","locations":[{"start":{"line":288,"column":12},"end":{"line":288,"column":40},"skip":true},{"start":{"line":288,"column":44},"end":{"line":288,"column":67},"skip":true}]},"22":{"line":292,"type":"binary-expr","locations":[{"start":{"line":292,"column":12},"end":{"line":292,"column":50},"skip":true},{"start":{"line":293,"column":12},"end":{"line":293,"column":53},"skip":true}]},"23":{"line":295,"type":"binary-expr","locations":[{"start":{"line":295,"column":12},"end":{"line":295,"column":66},"skip":true},{"start":{"line":296,"column":12},"end":{"line":301,"column":36},"skip":true}]},"24":{"line":302,"type":"binary-expr","locations":[{"start":{"line":302,"column":43},"end":{"line":302,"column":75},"skip":true},{"start":{"line":302,"column":79},"end":{"line":302,"column":81},"skip":true}]},"25":{"line":305,"type":"if","locations":[{"start":{"line":305,"column":8},"end":{"line":305,"column":8},"skip":true},{"start":{"line":305,"column":8},"end":{"line":305,"column":8},"skip":true}]},"26":{"line":309,"type":"if","locations":[{"start":{"line":309,"column":8},"end":{"line":309,"column":8},"skip":true},{"start":{"line":309,"column":8},"end":{"line":309,"column":8},"skip":true}]},"27":{"line":312,"type":"binary-expr","locations":[{"start":{"line":312,"column":27},"end":{"line":312,"column":43},"skip":true},{"start":{"line":312,"column":47},"end":{"line":312,"column":53},"skip":true}]},"28":{"line":316,"type":"if","locations":[{"start":{"line":316,"column":12},"end":{"line":316,"column":12},"skip":true},{"start":{"line":316,"column":12},"end":{"line":316,"column":12},"skip":true}]}},"code":["/*","example.js","","quickstart example","","instruction","    1. save this script as example.js","    2. run the shell command:","        $ npm install npmtest-web-push && PORT=8081 node example.js","    3. play with the browser-demo on http://127.0.0.1:8081","*/","","","","/* istanbul instrument in package npmtest_web_push */","/*jslint","    bitwise: true,","    browser: true,","    maxerr: 8,","    maxlen: 96,","    node: true,","    nomen: true,","    regexp: true,","    stupid: true","*/","(function () {","    'use strict';","    var local;","","","","    // run shared js-env code - pre-init","    (function () {","        // init local","        local = {};","        // init modeJs","        local.modeJs = (function () {","            try {","                return typeof navigator.userAgent === 'string' &&","                    typeof document.querySelector('body') === 'object' &&","                    typeof XMLHttpRequest.prototype.open === 'function' &&","                    'browser';","            } catch (errorCaughtBrowser) {","                return module.exports &&","                    typeof process.versions.node === 'string' &&","                    typeof require('http').createServer === 'function' &&","                    'node';","            }","        }());","        // init global","        local.global = local.modeJs === 'browser'","            ? window","            : global;","        // init utility2_rollup","        local = local.global.utility2_rollup || (local.modeJs === 'browser'","            ? local.global.utility2_npmtest_web_push","            : global.utility2_moduleExports);","        // export local","        local.global.local = local;","    }());","    switch (local.modeJs) {","","","","    // post-init","    // run browser js-env code - post-init","    /* istanbul ignore next */","    case 'browser':","        local.testRunBrowser = function (event) {","            if (!event || (event &&","                    event.currentTarget &&","                    event.currentTarget.className &&","                    event.currentTarget.className.includes &&","                    event.currentTarget.className.includes('onreset'))) {","                // reset output","                Array.from(","                    document.querySelectorAll('body > .resettable')","                ).forEach(function (element) {","                    switch (element.tagName) {","                    case 'INPUT':","                    case 'TEXTAREA':","                        element.value = '';","                        break;","                    default:","                        element.textContent = '';","                    }","                });","            }","            switch (event && event.currentTarget && event.currentTarget.id) {","            case 'testRunButton1':","                // show tests","                if (document.querySelector('#testReportDiv1').style.display === 'none') {","                    document.querySelector('#testReportDiv1').style.display = 'block';","                    document.querySelector('#testRunButton1').textContent =","                        'hide internal test';","                    local.modeTest = true;","                    local.testRunDefault(local);","                // hide tests","                } else {","                    document.querySelector('#testReportDiv1').style.display = 'none';","                    document.querySelector('#testRunButton1').textContent = 'run internal test';","                }","                break;","            // custom-case","            default:","                break;","            }","            if (document.querySelector('#inputTextareaEval1') && (!event || (event &&","                    event.currentTarget &&","                    event.currentTarget.className &&","                    event.currentTarget.className.includes &&","                    event.currentTarget.className.includes('oneval')))) {","                // try to eval input-code","                try {","                    /*jslint evil: true*/","                    eval(document.querySelector('#inputTextareaEval1').value);","                } catch (errorCaught) {","                    console.error(errorCaught);","                }","            }","        };","        // log stderr and stdout to #outputTextareaStdout1","        ['error', 'log'].forEach(function (key) {","            console[key + '_original'] = console[key];","            console[key] = function () {","                var element;","                console[key + '_original'].apply(console, arguments);","                element = document.querySelector('#outputTextareaStdout1');","                if (!element) {","                    return;","                }","                // append text to #outputTextareaStdout1","                element.value += Array.from(arguments).map(function (arg) {","                    return typeof arg === 'string'","                        ? arg","                        : JSON.stringify(arg, null, 4);","                }).join(' ') + '\\n';","                // scroll textarea to bottom","                element.scrollTop = element.scrollHeight;","            };","        });","        // init event-handling","        ['change', 'click', 'keyup'].forEach(function (event) {","            Array.from(document.querySelectorAll('.on' + event)).forEach(function (element) {","                element.addEventListener(event, local.testRunBrowser);","            });","        });","        // run tests","        local.testRunBrowser();","        break;","","","","    // run node js-env code - post-init","    /* istanbul ignore next */","    case 'node':","        // export local","        module.exports = local;","        // require modules","        local.fs = require('fs');","        local.http = require('http');","        local.url = require('url');","        // init assets","        local.assetsDict = local.assetsDict || {};","        /* jslint-ignore-begin */","        local.assetsDict['/assets.index.template.html'] = '\\","<!doctype html>\\n\\","<html lang=\"en\">\\n\\","<head>\\n\\","<meta charset=\"UTF-8\">\\n\\","<meta name=\"viewport\" content=\"width=device-width, initial-scale=1\">\\n\\","<title>{{env.npm_package_name}} (v{{env.npm_package_version}})</title>\\n\\","<style>\\n\\","/*csslint\\n\\","    box-sizing: false,\\n\\","    universal-selector: false\\n\\","*/\\n\\","* {\\n\\","    box-sizing: border-box;\\n\\","}\\n\\","body {\\n\\","    background: #dde;\\n\\","    font-family: Arial, Helvetica, sans-serif;\\n\\","    margin: 2rem;\\n\\","}\\n\\","body > * {\\n\\","    margin-bottom: 1rem;\\n\\","}\\n\\",".utility2FooterDiv {\\n\\","    margin-top: 20px;\\n\\","    text-align: center;\\n\\","}\\n\\","</style>\\n\\","<style>\\n\\","/*csslint\\n\\","*/\\n\\","textarea {\\n\\","    font-family: monospace;\\n\\","    height: 10rem;\\n\\","    width: 100%;\\n\\","}\\n\\","textarea[readonly] {\\n\\","    background: #ddd;\\n\\","}\\n\\","</style>\\n\\","</head>\\n\\","<body>\\n\\","<!-- utility2-comment\\n\\","<div id=\"ajaxProgressDiv1\" style=\"background: #d00; height: 2px; left: 0; margin: 0; padding: 0; position: fixed; top: 0; transition: background 0.5s, width 1.5s; width: 25%;\"></div>\\n\\","utility2-comment -->\\n\\","<h1>\\n\\","<!-- utility2-comment\\n\\","    <a\\n\\","        {{#if env.npm_package_homepage}}\\n\\","        href=\"{{env.npm_package_homepage}}\"\\n\\","        {{/if env.npm_package_homepage}}\\n\\","        target=\"_blank\"\\n\\","    >\\n\\","utility2-comment -->\\n\\","        {{env.npm_package_name}} (v{{env.npm_package_version}})\\n\\","<!-- utility2-comment\\n\\","    </a>\\n\\","utility2-comment -->\\n\\","</h1>\\n\\","<h3>{{env.npm_package_description}}</h3>\\n\\","<!-- utility2-comment\\n\\","<h4><a download href=\"assets.app.js\">download standalone app</a></h4>\\n\\","<button class=\"onclick onreset\" id=\"testRunButton1\">run internal test</button><br>\\n\\","<div id=\"testReportDiv1\" style=\"display: none;\"></div>\\n\\","utility2-comment -->\\n\\","\\n\\","\\n\\","\\n\\","<label>stderr and stdout</label>\\n\\","<textarea class=\"resettable\" id=\"outputTextareaStdout1\" readonly></textarea>\\n\\","<!-- utility2-comment\\n\\","{{#if isRollup}}\\n\\","<script src=\"assets.app.js\"></script>\\n\\","{{#unless isRollup}}\\n\\","utility2-comment -->\\n\\","<script src=\"assets.utility2.rollup.js\"></script>\\n\\","<script src=\"jsonp.utility2._stateInit?callback=window.utility2._stateInit\"></script>\\n\\","<script src=\"assets.npmtest_web_push.rollup.js\"></script>\\n\\","<script src=\"assets.example.js\"></script>\\n\\","<script src=\"assets.test.js\"></script>\\n\\","<!-- utility2-comment\\n\\","{{/if isRollup}}\\n\\","utility2-comment -->\\n\\","<div class=\"utility2FooterDiv\">\\n\\","    [ this app was created with\\n\\","    <a href=\"https://github.com/kaizhu256/node-utility2\" target=\"_blank\">utility2</a>\\n\\","    ]\\n\\","</div>\\n\\","</body>\\n\\","</html>\\n\\","';","        /* jslint-ignore-end */","        if (local.templateRender) {","            local.assetsDict['/'] = local.templateRender(","                local.assetsDict['/assets.index.template.html'],","                {","                    env: local.objectSetDefault(local.env, {","                        npm_package_description: 'the greatest app in the world!',","                        npm_package_name: 'my-app',","                        npm_package_nameAlias: 'my_app',","                        npm_package_version: '0.0.1'","                    })","                }","            );","        } else {","            local.assetsDict['/'] = local.assetsDict['/assets.index.template.html']","                .replace((/\\{\\{env\\.(\\w+?)\\}\\}/g), function (match0, match1) {","                    // jslint-hack","                    String(match0);","                    switch (match1) {","                    case 'npm_package_description':","                        return 'the greatest app in the world!';","                    case 'npm_package_name':","                        return 'my-app';","                    case 'npm_package_nameAlias':","                        return 'my_app';","                    case 'npm_package_version':","                        return '0.0.1';","                    }","                });","        }","        // run the cli","        if (local.global.utility2_rollup || module !== require.main) {","            break;","        }","        local.assetsDict['/assets.example.js'] =","            local.assetsDict['/assets.example.js'] ||","            local.fs.readFileSync(__filename, 'utf8');","        local.assetsDict['/assets.npmtest_web_push.rollup.js'] =","            local.assetsDict['/assets.npmtest_web_push.rollup.js'] ||","            local.fs.readFileSync(","                // buildCustomOrg-hack","                local.npmtest_web_push.__dirname +","                    '/lib.npmtest_web_push.js',","                'utf8'","            ).replace((/^#!/), '//');","        local.assetsDict['/favicon.ico'] = local.assetsDict['/favicon.ico'] || '';","        // if $npm_config_timeout_exit exists,","        // then exit this process after $npm_config_timeout_exit ms","        if (Number(process.env.npm_config_timeout_exit)) {","            setTimeout(process.exit, Number(process.env.npm_config_timeout_exit));","        }","        // start server","        if (local.global.utility2_serverHttp1) {","            break;","        }","        process.env.PORT = process.env.PORT || '8081';","        console.error('server starting on port ' + process.env.PORT);","        local.http.createServer(function (request, response) {","            request.urlParsed = local.url.parse(request.url);","            if (local.assetsDict[request.urlParsed.pathname] !== undefined) {","                response.end(local.assetsDict[request.urlParsed.pathname]);","                return;","            }","            response.statusCode = 404;","            response.end();","        }).listen(process.env.PORT);","        break;","    }","}());",""],"l":{"26":2,"28":2,"33":2,"35":2,"37":2,"38":2,"39":2,"44":1,"51":2,"55":2,"59":2,"61":2,"69":1,"70":2,"76":2,"79":2,"82":2,"83":2,"85":1,"89":2,"92":1,"93":1,"94":1,"96":1,"97":1,"100":1,"101":1,"103":1,"106":1,"108":2,"114":1,"116":1,"118":1,"123":1,"124":2,"125":2,"126":3,"127":3,"128":3,"129":3,"130":1,"133":3,"134":3,"139":3,"143":1,"144":3,"145":1,"149":1,"150":1,"158":1,"160":1,"161":1,"162":1,"164":1,"166":1,"258":1,"259":1,"271":1,"274":6,"275":6,"277":1,"279":2,"281":1,"283":2,"288":1,"289":1,"291":1,"294":1,"302":1,"305":1,"306":1,"309":1,"310":1,"312":1,"313":1,"314":1,"315":1,"316":1,"317":1,"318":1,"320":1,"321":1,"323":1}},"/home/travis/build/npmtest/node-npmtest-web-push/node_modules/web-push/src/index.js":{"path":"/home/travis/build/npmtest/node-npmtest-web-push/node_modules/web-push/src/index.js","s":{"1":1,"2":1,"3":1,"4":1,"5":1},"b":{},"f":{},"fnMap":{},"statementMap":{"1":{"start":{"line":3,"column":0},"end":{"line":3,"column":49}},"2":{"start":{"line":4,"column":0},"end":{"line":4,"column":59}},"3":{"start":{"line":5,"column":0},"end":{"line":5,"column":48}},"4":{"start":{"line":7,"column":0},"end":{"line":7,"column":33}},"5":{"start":{"line":9,"column":0},"end":{"line":17,"column":2}}},"branchMap":{},"code":["'use strict';","","const vapidHelper = require('./vapid-helper.js');","const encryptionHelper = require('./encryption-helper.js');","const WebPushLib = require('./web-push-lib.js');","","const webPush = new WebPushLib();","","module.exports = {","  encrypt: encryptionHelper.encrypt,","  getVapidHeaders: vapidHelper.getVapidHeaders,","  generateVAPIDKeys: vapidHelper.generateVAPIDKeys,","  setGCMAPIKey: webPush.setGCMAPIKey,","  setVapidDetails: webPush.setVapidDetails,","  generateRequestDetails: webPush.generateRequestDetails,","  sendNotification: webPush.sendNotification","};",""],"l":{"3":1,"4":1,"5":1,"7":1,"9":1}},"/home/travis/build/npmtest/node-npmtest-web-push/node_modules/web-push/src/vapid-helper.js":{"path":"/home/travis/build/npmtest/node-npmtest-web-push/node_modules/web-push/src/vapid-helper.js","s":{"1":1,"2":1,"3":1,"4":1,"5":1,"6":1,"7":0,"8":1,"9":0,"10":1,"11":0,"12":0,"13":0,"14":1,"15":0,"16":0,"17":0,"18":0,"19":0,"20":0,"21":0,"22":0,"23":1,"24":0,"25":0,"26":0,"27":0,"28":0,"29":0,"30":0,"31":1,"32":0,"33":0,"34":0,"35":0,"36":0,"37":0,"38":0,"39":1,"40":0,"41":0,"42":0,"43":0,"44":0,"45":0,"46":0,"47":0,"48":0,"49":0,"50":0,"51":0,"52":0,"53":0,"54":0,"55":0,"56":0,"57":0,"58":1},"b":{"1":[0,0],"2":[0,0],"3":[0,0],"4":[0,0],"5":[0,0],"6":[0,0],"7":[0,0],"8":[0,0],"9":[0,0],"10":[0,0],"11":[0,0],"12":[0,0],"13":[0,0],"14":[0,0],"15":[0,0],"16":[0,0]},"f":{"1":0,"2":0,"3":0,"4":0,"5":0,"6":0,"7":0},"fnMap":{"1":{"name":"(anonymous_1)","line":9,"loc":{"start":{"line":9,"column":52},"end":{"line":9,"column":63}}},"2":{"name":"toPEM","line":20,"loc":{"start":{"line":20,"column":0},"end":{"line":20,"column":20}}},"3":{"name":"generateVAPIDKeys","line":30,"loc":{"start":{"line":30,"column":0},"end":{"line":30,"column":29}}},"4":{"name":"validateSubject","line":40,"loc":{"start":{"line":40,"column":0},"end":{"line":40,"column":34}}},"5":{"name":"validatePublicKey","line":58,"loc":{"start":{"line":58,"column":0},"end":{"line":58,"column":38}}},"6":{"name":"validatePrivateKey","line":75,"loc":{"start":{"line":75,"column":0},"end":{"line":75,"column":40}}},"7":{"name":"getVapidHeaders","line":104,"loc":{"start":{"line":104,"column":0},"end":{"line":104,"column":79}}}},"statementMap":{"1":{"start":{"line":3,"column":0},"end":{"line":3,"column":33}},"2":{"start":{"line":4,"column":0},"end":{"line":4,"column":44}},"3":{"start":{"line":5,"column":0},"end":{"line":5,"column":32}},"4":{"start":{"line":6,"column":0},"end":{"line":6,"column":27}},"5":{"start":{"line":7,"column":0},"end":{"line":7,"column":27}},"6":{"start":{"line":9,"column":0},"end":{"line":18,"column":3}},"7":{"start":{"line":10,"column":2},"end":{"line":17,"column":4}},"8":{"start":{"line":20,"column":0},"end":{"line":28,"column":1}},"9":{"start":{"line":21,"column":2},"end":{"line":27,"column":5}},"10":{"start":{"line":30,"column":0},"end":{"line":38,"column":1}},"11":{"start":{"line":31,"column":2},"end":{"line":31,"column":48}},"12":{"start":{"line":32,"column":2},"end":{"line":32,"column":23}},"13":{"start":{"line":34,"column":2},"end":{"line":37,"column":4}},"14":{"start":{"line":40,"column":0},"end":{"line":56,"column":1}},"15":{"start":{"line":41,"column":2},"end":{"line":43,"column":3}},"16":{"start":{"line":42,"column":4},"end":{"line":42,"column":63}},"17":{"start":{"line":45,"column":2},"end":{"line":48,"column":3}},"18":{"start":{"line":46,"column":4},"end":{"line":47,"column":37}},"19":{"start":{"line":50,"column":2},"end":{"line":55,"column":3}},"20":{"start":{"line":51,"column":4},"end":{"line":51,"column":50}},"21":{"start":{"line":52,"column":4},"end":{"line":54,"column":5}},"22":{"start":{"line":53,"column":6},"end":{"line":53,"column":78}},"23":{"start":{"line":58,"column":0},"end":{"line":73,"column":1}},"24":{"start":{"line":59,"column":2},"end":{"line":61,"column":3}},"25":{"start":{"line":60,"column":4},"end":{"line":60,"column":57}},"26":{"start":{"line":63,"column":2},"end":{"line":66,"column":3}},"27":{"start":{"line":64,"column":4},"end":{"line":65,"column":25}},"28":{"start":{"line":68,"column":2},"end":{"line":68,"column":42}},"29":{"start":{"line":70,"column":2},"end":{"line":72,"column":3}},"30":{"start":{"line":71,"column":4},"end":{"line":71,"column":78}},"31":{"start":{"line":75,"column":0},"end":{"line":90,"column":1}},"32":{"start":{"line":76,"column":2},"end":{"line":78,"column":3}},"33":{"start":{"line":77,"column":4},"end":{"line":77,"column":61}},"34":{"start":{"line":80,"column":2},"end":{"line":83,"column":3}},"35":{"start":{"line":81,"column":4},"end":{"line":82,"column":25}},"36":{"start":{"line":85,"column":2},"end":{"line":85,"column":44}},"37":{"start":{"line":87,"column":2},"end":{"line":89,"column":3}},"38":{"start":{"line":88,"column":4},"end":{"line":88,"column":79}},"39":{"start":{"line":104,"column":0},"end":{"line":154,"column":1}},"40":{"start":{"line":105,"column":2},"end":{"line":107,"column":3}},"41":{"start":{"line":106,"column":4},"end":{"line":106,"column":65}},"42":{"start":{"line":109,"column":2},"end":{"line":112,"column":3}},"43":{"start":{"line":110,"column":4},"end":{"line":111,"column":47}},"44":{"start":{"line":114,"column":2},"end":{"line":114,"column":50}},"45":{"start":{"line":115,"column":2},"end":{"line":117,"column":3}},"46":{"start":{"line":116,"column":4},"end":{"line":116,"column":64}},"47":{"start":{"line":119,"column":2},"end":{"line":119,"column":27}},"48":{"start":{"line":120,"column":2},"end":{"line":120,"column":31}},"49":{"start":{"line":121,"column":2},"end":{"line":121,"column":33}},"50":{"start":{"line":123,"column":2},"end":{"line":123,"column":42}},"51":{"start":{"line":124,"column":2},"end":{"line":124,"column":44}},"52":{"start":{"line":126,"column":2},"end":{"line":126,"column":67}},"53":{"start":{"line":128,"column":2},"end":{"line":131,"column":3}},"54":{"start":{"line":133,"column":2},"end":{"line":136,"column":4}},"55":{"start":{"line":138,"column":2},"end":{"line":142,"column":4}},"56":{"start":{"line":144,"column":2},"end":{"line":148,"column":5}},"57":{"start":{"line":150,"column":2},"end":{"line":153,"column":4}},"58":{"start":{"line":156,"column":0},"end":{"line":162,"column":2}}},"branchMap":{"1":{"line":41,"type":"if","locations":[{"start":{"line":41,"column":2},"end":{"line":41,"column":2}},{"start":{"line":41,"column":2},"end":{"line":41,"column":2}}]},"2":{"line":45,"type":"if","locations":[{"start":{"line":45,"column":2},"end":{"line":45,"column":2}},{"start":{"line":45,"column":2},"end":{"line":45,"column":2}}]},"3":{"line":45,"type":"binary-expr","locations":[{"start":{"line":45,"column":6},"end":{"line":45,"column":33}},{"start":{"line":45,"column":37},"end":{"line":45,"column":57}}]},"4":{"line":50,"type":"if","locations":[{"start":{"line":50,"column":2},"end":{"line":50,"column":2}},{"start":{"line":50,"column":2},"end":{"line":50,"column":2}}]},"5":{"line":52,"type":"if","locations":[{"start":{"line":52,"column":4},"end":{"line":52,"column":4}},{"start":{"line":52,"column":4},"end":{"line":52,"column":4}}]},"6":{"line":59,"type":"if","locations":[{"start":{"line":59,"column":2},"end":{"line":59,"column":2}},{"start":{"line":59,"column":2},"end":{"line":59,"column":2}}]},"7":{"line":63,"type":"if","locations":[{"start":{"line":63,"column":2},"end":{"line":63,"column":2}},{"start":{"line":63,"column":2},"end":{"line":63,"column":2}}]},"8":{"line":70,"type":"if","locations":[{"start":{"line":70,"column":2},"end":{"line":70,"column":2}},{"start":{"line":70,"column":2},"end":{"line":70,"column":2}}]},"9":{"line":76,"type":"if","locations":[{"start":{"line":76,"column":2},"end":{"line":76,"column":2}},{"start":{"line":76,"column":2},"end":{"line":76,"column":2}}]},"10":{"line":80,"type":"if","locations":[{"start":{"line":80,"column":2},"end":{"line":80,"column":2}},{"start":{"line":80,"column":2},"end":{"line":80,"column":2}}]},"11":{"line":87,"type":"if","locations":[{"start":{"line":87,"column":2},"end":{"line":87,"column":2}},{"start":{"line":87,"column":2},"end":{"line":87,"column":2}}]},"12":{"line":105,"type":"if","locations":[{"start":{"line":105,"column":2},"end":{"line":105,"column":2}},{"start":{"line":105,"column":2},"end":{"line":105,"column":2}}]},"13":{"line":109,"type":"if","locations":[{"start":{"line":109,"column":2},"end":{"line":109,"column":2}},{"start":{"line":109,"column":2},"end":{"line":109,"column":2}}]},"14":{"line":109,"type":"binary-expr","locations":[{"start":{"line":109,"column":6},"end":{"line":109,"column":34}},{"start":{"line":109,"column":38},"end":{"line":109,"column":59}}]},"15":{"line":115,"type":"if","locations":[{"start":{"line":115,"column":2},"end":{"line":115,"column":2}},{"start":{"line":115,"column":2},"end":{"line":115,"column":2}}]},"16":{"line":128,"type":"if","locations":[{"start":{"line":128,"column":2},"end":{"line":128,"column":2}},{"start":{"line":128,"column":2},"end":{"line":128,"column":2}}]}},"code":["'use strict';","","const crypto = require('crypto');","const urlBase64 = require('urlsafe-base64');","const asn1 = require('asn1.js');","const jws = require('jws');","const url = require('url');","","const ECPrivateKeyASN = asn1.define('ECPrivateKey', function() {","  this.seq().obj(","    this.key('version').int(),","    this.key('privateKey').octstr(),","    this.key('parameters').explicit(0).objid()","      .optional(),","    this.key('publicKey').explicit(1).bitstr()","      .optional()","  );","});","","function toPEM(key) {","  return ECPrivateKeyASN.encode({","    version: 1,","    privateKey: key,","    parameters: [1, 2, 840, 10045, 3, 1, 7] // prime256v1","  }, 'pem', {","    label: 'EC PRIVATE KEY'","  });","}","","function generateVAPIDKeys() {","  const curve = crypto.createECDH('prime256v1');","  curve.generateKeys();","","  return {","    publicKey: urlBase64.encode(curve.getPublicKey()),","    privateKey: urlBase64.encode(curve.getPrivateKey())","  };","}","","function validateSubject(subject) {","  if (!subject) {","    throw new Error('No subject set in vapidDetails.subject.');","  }","","  if (typeof subject !== 'string' || subject.length === 0) {","    throw new Error('The subject value must be a string containing a URL or ' +","      'mailto: address. ' + subject);","  }","","  if (subject.indexOf('mailto:') !== 0) {","    const subjectParseResult = url.parse(subject);","    if (!subjectParseResult.hostname) {","      throw new Error('Vapid subject is not a url or mailto url. ' + subject);","    }","  }","}","","function validatePublicKey(publicKey) {","  if (!publicKey) {","    throw new Error('No key set vapidDetails.publicKey');","  }","","  if (typeof publicKey !== 'string') {","    throw new Error('Vapid public key is must be a URL safe Base 64 ' +","      'encoded string.');","  }","","  publicKey = urlBase64.decode(publicKey);","","  if (publicKey.length !== 65) {","    throw new Error('Vapid public key should be 65 bytes long when decoded.');","  }","}","","function validatePrivateKey(privateKey) {","  if (!privateKey) {","    throw new Error('No key set in vapidDetails.privateKey');","  }","","  if (typeof privateKey !== 'string') {","    throw new Error('Vapid private key must be a URL safe Base 64 ' +","      'encoded string.');","  }","","  privateKey = urlBase64.decode(privateKey);","","  if (privateKey.length !== 32) {","    throw new Error('Vapid private key should be 32 bytes long when decoded.');","  }","}","","/**"," * This method takes the required VAPID parameters and returns the required"," * header to be added to a Web Push Protocol Request."," * @param  {string} audience       This must be the origin of the push service."," * @param  {string} subject        This should be a URL or a 'mailto:' email"," * address."," * @param  {Buffer} publicKey      The VAPID public key."," * @param  {Buffer} privateKey     The VAPID private key."," * @param  {integer} [expiration]  The expiration of the VAPID JWT."," * @return {Object}                Returns an Object with the Authorization and"," * 'Crypto-Key' values to be used as headers."," */","function getVapidHeaders(audience, subject, publicKey, privateKey, expiration) {","  if (!audience) {","    throw new Error('No audience could be generated for VAPID.');","  }","","  if (typeof audience !== 'string' || audience.length === 0) {","    throw new Error('The audience value must be a string containing the ' +","      'origin of a push service. ' + audience);","  }","","  const audienceParseResult = url.parse(audience);","  if (!audienceParseResult.hostname) {","    throw new Error('VAPID audience is not a url. ' + audience);","  }","","  validateSubject(subject);","  validatePublicKey(publicKey);","  validatePrivateKey(privateKey);","","  publicKey = urlBase64.decode(publicKey);","  privateKey = urlBase64.decode(privateKey);","","  const DEFAULT_EXPIRATION = Math.floor(Date.now() / 1000) + 43200;","","  if (expiration) {","    // TODO: Check if expiration is valid and use it in place of the hard coded","    // expiration of 24hours.","  }","","  const header = {","    typ: 'JWT',","    alg: 'ES256'","  };","","  const jwtPayload = {","    aud: audience,","    exp: DEFAULT_EXPIRATION,","    sub: subject","  };","","  const jwt = jws.sign({","    header: header,","    payload: jwtPayload,","    privateKey: toPEM(privateKey)","  });","","  return {","    Authorization: 'WebPush ' + jwt,","    'Crypto-Key': 'p256ecdsa=' + urlBase64.encode(publicKey)","  };","}","","module.exports = {","  generateVAPIDKeys: generateVAPIDKeys,","  getVapidHeaders: getVapidHeaders,","  validateSubject: validateSubject,","  validatePublicKey: validatePublicKey,","  validatePrivateKey: validatePrivateKey","};",""],"l":{"3":1,"4":1,"5":1,"6":1,"7":1,"9":1,"10":0,"20":1,"21":0,"30":1,"31":0,"32":0,"34":0,"40":1,"41":0,"42":0,"45":0,"46":0,"50":0,"51":0,"52":0,"53":0,"58":1,"59":0,"60":0,"63":0,"64":0,"68":0,"70":0,"71":0,"75":1,"76":0,"77":0,"80":0,"81":0,"85":0,"87":0,"88":0,"104":1,"105":0,"106":0,"109":0,"110":0,"114":0,"115":0,"116":0,"119":0,"120":0,"121":0,"123":0,"124":0,"126":0,"128":0,"133":0,"138":0,"144":0,"150":0,"156":1}},"/home/travis/build/npmtest/node-npmtest-web-push/node_modules/web-push/src/encryption-helper.js":{"path":"/home/travis/build/npmtest/node-npmtest-web-push/node_modules/web-push/src/encryption-helper.js","s":{"1":1,"2":1,"3":1,"4":1,"5":0,"6":0,"7":0,"8":0,"9":0,"10":0,"11":0,"12":0,"13":0,"14":0,"15":0,"16":0,"17":0,"18":0,"19":0,"20":0,"21":0,"22":0,"23":0,"24":0,"25":0,"26":0,"27":1},"b":{"1":[0,0],"2":[0,0],"3":[0,0],"4":[0,0],"5":[0,0],"6":[0,0],"7":[0,0],"8":[0,0],"9":[0,0],"10":[0,0]},"f":{"1":0},"fnMap":{"1":{"name":"(anonymous_1)","line":7,"loc":{"start":{"line":7,"column":16},"end":{"line":7,"column":59}}}},"statementMap":{"1":{"start":{"line":3,"column":0},"end":{"line":3,"column":33}},"2":{"start":{"line":4,"column":0},"end":{"line":4,"column":32}},"3":{"start":{"line":5,"column":0},"end":{"line":5,"column":44}},"4":{"start":{"line":7,"column":0},"end":{"line":61,"column":2}},"5":{"start":{"line":8,"column":2},"end":{"line":10,"column":3}},"6":{"start":{"line":9,"column":4},"end":{"line":9,"column":67}},"7":{"start":{"line":12,"column":2},"end":{"line":14,"column":3}},"8":{"start":{"line":13,"column":4},"end":{"line":13,"column":71}},"9":{"start":{"line":16,"column":2},"end":{"line":18,"column":3}},"10":{"start":{"line":17,"column":4},"end":{"line":17,"column":78}},"11":{"start":{"line":20,"column":2},"end":{"line":22,"column":3}},"12":{"start":{"line":21,"column":4},"end":{"line":21,"column":61}},"13":{"start":{"line":24,"column":2},"end":{"line":26,"column":3}},"14":{"start":{"line":25,"column":4},"end":{"line":25,"column":67}},"15":{"start":{"line":28,"column":2},"end":{"line":31,"column":3}},"16":{"start":{"line":29,"column":4},"end":{"line":30,"column":20}},"17":{"start":{"line":33,"column":2},"end":{"line":35,"column":3}},"18":{"start":{"line":34,"column":4},"end":{"line":34,"column":73}},"19":{"start":{"line":37,"column":2},"end":{"line":39,"column":3}},"20":{"start":{"line":38,"column":4},"end":{"line":38,"column":34}},"21":{"start":{"line":41,"column":2},"end":{"line":41,"column":53}},"22":{"start":{"line":42,"column":2},"end":{"line":42,"column":51}},"23":{"start":{"line":44,"column":2},"end":{"line":44,"column":56}},"24":{"start":{"line":46,"column":2},"end":{"line":46,"column":49}},"25":{"start":{"line":48,"column":2},"end":{"line":54,"column":5}},"26":{"start":{"line":56,"column":2},"end":{"line":60,"column":4}},"27":{"start":{"line":63,"column":0},"end":{"line":65,"column":2}}},"branchMap":{"1":{"line":8,"type":"if","locations":[{"start":{"line":8,"column":2},"end":{"line":8,"column":2}},{"start":{"line":8,"column":2},"end":{"line":8,"column":2}}]},"2":{"line":12,"type":"if","locations":[{"start":{"line":12,"column":2},"end":{"line":12,"column":2}},{"start":{"line":12,"column":2},"end":{"line":12,"column":2}}]},"3":{"line":16,"type":"if","locations":[{"start":{"line":16,"column":2},"end":{"line":16,"column":2}},{"start":{"line":16,"column":2},"end":{"line":16,"column":2}}]},"4":{"line":20,"type":"if","locations":[{"start":{"line":20,"column":2},"end":{"line":20,"column":2}},{"start":{"line":20,"column":2},"end":{"line":20,"column":2}}]},"5":{"line":24,"type":"if","locations":[{"start":{"line":24,"column":2},"end":{"line":24,"column":2}},{"start":{"line":24,"column":2},"end":{"line":24,"column":2}}]},"6":{"line":28,"type":"if","locations":[{"start":{"line":28,"column":2},"end":{"line":28,"column":2}},{"start":{"line":28,"column":2},"end":{"line":28,"column":2}}]},"7":{"line":33,"type":"if","locations":[{"start":{"line":33,"column":2},"end":{"line":33,"column":2}},{"start":{"line":33,"column":2},"end":{"line":33,"column":2}}]},"8":{"line":33,"type":"binary-expr","locations":[{"start":{"line":33,"column":6},"end":{"line":33,"column":33}},{"start":{"line":33,"column":37},"end":{"line":33,"column":62}}]},"9":{"line":37,"type":"if","locations":[{"start":{"line":37,"column":2},"end":{"line":37,"column":2}},{"start":{"line":37,"column":2},"end":{"line":37,"column":2}}]},"10":{"line":37,"type":"binary-expr","locations":[{"start":{"line":37,"column":6},"end":{"line":37,"column":33}},{"start":{"line":37,"column":37},"end":{"line":37,"column":62}}]}},"code":["'use strict';","","const crypto = require('crypto');","const ece = require('http_ece');","const urlBase64 = require('urlsafe-base64');","","const encrypt = function(userPublicKey, userAuth, payload) {","  if (!userPublicKey) {","    throw new Error('No user public key provided for encryption.');","  }","","  if (typeof userPublicKey !== 'string') {","    throw new Error('The subscription p256dh value must be a string.');","  }","","  if (urlBase64.decode(userPublicKey).length !== 65) {","    throw new Error('The subscription p256dh value should be 65 bytes long.');","  }","","  if (!userAuth) {","    throw new Error('No user auth provided for encryption.');","  }","","  if (typeof userAuth !== 'string') {","    throw new Error('The subscription auth key must be a string.');","  }","","  if (urlBase64.decode(userAuth).length < 16) {","    throw new Error('The subscription auth key should be at least 16 ' +","      'bytes long');","  }","","  if (typeof payload !== 'string' && !Buffer.isBuffer(payload)) {","    throw new Error('Payload must be either a string or a Node Buffer.');","  }","","  if (typeof payload === 'string' || payload instanceof String) {","    payload = new Buffer(payload);","  }","","  const localCurve = crypto.createECDH('prime256v1');","  const localPublicKey = localCurve.generateKeys();","","  const salt = urlBase64.encode(crypto.randomBytes(16));","","  ece.saveKey('webpushKey', localCurve, 'P-256');","","  const cipherText = ece.encrypt(payload, {","    keyid: 'webpushKey',","    dh: userPublicKey,","    salt: salt,","    authSecret: userAuth,","    padSize: 2","  });","","  return {","    localPublicKey: localPublicKey,","    salt: salt,","    cipherText: cipherText","  };","};","","module.exports = {","  encrypt: encrypt","};",""],"l":{"3":1,"4":1,"5":1,"7":1,"8":0,"9":0,"12":0,"13":0,"16":0,"17":0,"20":0,"21":0,"24":0,"25":0,"28":0,"29":0,"33":0,"34":0,"37":0,"38":0,"41":0,"42":0,"44":0,"46":0,"48":0,"56":0,"63":1}},"/home/travis/build/npmtest/node-npmtest-web-push/node_modules/web-push/src/web-push-lib.js":{"path":"/home/travis/build/npmtest/node-npmtest-web-push/node_modules/web-push/src/web-push-lib.js","s":{"1":1,"2":1,"3":1,"4":1,"5":1,"6":1,"7":1,"8":1,"9":1,"10":1,"11":1,"12":0,"13":0,"14":0,"15":0,"16":0,"17":0,"18":1,"19":0,"20":0,"21":0,"22":0,"23":0,"24":0,"25":0,"26":1,"27":0,"28":0,"29":0,"30":0,"31":0,"32":0,"33":0,"34":0,"35":0,"36":0,"37":0,"38":0,"39":0,"40":0,"41":0,"42":0,"43":0,"44":0,"45":0,"46":0,"47":0,"48":0,"49":0,"50":0,"51":0,"52":0,"53":0,"54":0,"55":0,"56":0,"57":0,"58":0,"59":0,"60":0,"61":0,"62":0,"63":0,"64":0,"65":0,"66":0,"67":0,"68":0,"69":0,"70":0,"71":0,"72":0,"73":0,"74":0,"75":0,"76":0,"77":0,"78":0,"79":0,"80":0,"81":0,"82":0,"83":0,"84":0,"85":0,"86":0,"87":0,"88":0,"89":0,"90":1,"91":0,"92":0,"93":0,"94":0,"95":0,"96":0,"97":0,"98":0,"99":0,"100":0,"101":0,"102":0,"103":0,"104":0,"105":0,"106":0,"107":0,"108":0,"109":0,"110":0,"111":0,"112":0,"113":0,"114":0,"115":0,"116":1},"b":{"1":[0,0],"2":[0,0],"3":[0,0,0],"4":[0,0],"5":[0,0],"6":[0,0],"7":[0,0],"8":[0,0],"9":[0,0],"10":[0,0],"11":[0,0],"12":[0,0,0],"13":[0,0],"14":[0,0],"15":[0,0],"16":[0,0],"17":[0,0],"18":[0,0],"19":[0,0],"20":[0,0],"21":[0,0],"22":[0,0],"23":[0,0,0,0],"24":[0,0],"25":[0,0],"26":[0,0],"27":[0,0],"28":[0,0],"29":[0,0]},"f":{"1":1,"2":0,"3":0,"4":0,"5":0,"6":0,"7":0,"8":0,"9":0,"10":0,"11":0,"12":0},"fnMap":{"1":{"name":"WebPushLib","line":17,"loc":{"start":{"line":17,"column":0},"end":{"line":17,"column":22}}},"2":{"name":"(anonymous_2)","line":27,"loc":{"start":{"line":27,"column":36},"end":{"line":27,"column":53}}},"3":{"name":"(anonymous_3)","line":52,"loc":{"start":{"line":52,"column":2},"end":{"line":52,"column":43}}},"4":{"name":"(anonymous_4)","line":85,"loc":{"start":{"line":85,"column":2},"end":{"line":85,"column":43}}},"5":{"name":"(anonymous_5)","line":131,"loc":{"start":{"line":131,"column":20},"end":{"line":131,"column":38}}},"6":{"name":"(anonymous_6)","line":165,"loc":{"start":{"line":165,"column":38},"end":{"line":165,"column":56}}},"7":{"name":"(anonymous_7)","line":247,"loc":{"start":{"line":247,"column":2},"end":{"line":247,"column":43}}},"8":{"name":"(anonymous_8)","line":256,"loc":{"start":{"line":256,"column":23},"end":{"line":256,"column":49}}},"9":{"name":"(anonymous_9)","line":266,"loc":{"start":{"line":266,"column":54},"end":{"line":266,"column":77}}},"10":{"name":"(anonymous_10)","line":269,"loc":{"start":{"line":269,"column":32},"end":{"line":269,"column":48}}},"11":{"name":"(anonymous_11)","line":273,"loc":{"start":{"line":273,"column":31},"end":{"line":273,"column":42}}},"12":{"name":"(anonymous_12)","line":287,"loc":{"start":{"line":287,"column":30},"end":{"line":287,"column":42}}}},"statementMap":{"1":{"start":{"line":3,"column":0},"end":{"line":3,"column":44}},"2":{"start":{"line":4,"column":0},"end":{"line":4,"column":27}},"3":{"start":{"line":5,"column":0},"end":{"line":5,"column":31}},"4":{"start":{"line":7,"column":0},"end":{"line":7,"column":52}},"5":{"start":{"line":8,"column":0},"end":{"line":8,"column":49}},"6":{"start":{"line":9,"column":0},"end":{"line":9,"column":59}},"7":{"start":{"line":12,"column":0},"end":{"line":12,"column":28}},"8":{"start":{"line":14,"column":0},"end":{"line":14,"column":19}},"9":{"start":{"line":15,"column":0},"end":{"line":15,"column":17}},"10":{"start":{"line":17,"column":0},"end":{"line":19,"column":1}},"11":{"start":{"line":27,"column":0},"end":{"line":39,"column":2}},"12":{"start":{"line":28,"column":2},"end":{"line":31,"column":3}},"13":{"start":{"line":29,"column":4},"end":{"line":29,"column":21}},"14":{"start":{"line":30,"column":4},"end":{"line":30,"column":11}},"15":{"start":{"line":33,"column":2},"end":{"line":36,"column":3}},"16":{"start":{"line":35,"column":4},"end":{"line":35,"column":77}},"17":{"start":{"line":38,"column":2},"end":{"line":38,"column":21}},"18":{"start":{"line":51,"column":0},"end":{"line":67,"column":4}},"19":{"start":{"line":53,"column":4},"end":{"line":56,"column":5}},"20":{"start":{"line":54,"column":6},"end":{"line":54,"column":26}},"21":{"start":{"line":55,"column":6},"end":{"line":55,"column":13}},"22":{"start":{"line":58,"column":4},"end":{"line":58,"column":41}},"23":{"start":{"line":59,"column":4},"end":{"line":59,"column":45}},"24":{"start":{"line":60,"column":4},"end":{"line":60,"column":47}},"25":{"start":{"line":62,"column":4},"end":{"line":66,"column":6}},"26":{"start":{"line":84,"column":0},"end":{"line":230,"column":4}},"27":{"start":{"line":86,"column":4},"end":{"line":89,"column":5}},"28":{"start":{"line":87,"column":6},"end":{"line":88,"column":24}},"29":{"start":{"line":91,"column":4},"end":{"line":95,"column":5}},"30":{"start":{"line":93,"column":6},"end":{"line":94,"column":24}},"31":{"start":{"line":97,"column":4},"end":{"line":104,"column":5}},"32":{"start":{"line":99,"column":6},"end":{"line":103,"column":7}},"33":{"start":{"line":101,"column":8},"end":{"line":102,"column":66}},"34":{"start":{"line":106,"column":4},"end":{"line":106,"column":37}},"35":{"start":{"line":107,"column":4},"end":{"line":107,"column":43}},"36":{"start":{"line":108,"column":4},"end":{"line":108,"column":33}},"37":{"start":{"line":109,"column":4},"end":{"line":109,"column":26}},"38":{"start":{"line":111,"column":4},"end":{"line":153,"column":5}},"39":{"start":{"line":112,"column":6},"end":{"line":117,"column":8}},"40":{"start":{"line":118,"column":6},"end":{"line":118,"column":46}},"41":{"start":{"line":119,"column":6},"end":{"line":126,"column":7}},"42":{"start":{"line":120,"column":8},"end":{"line":120,"column":40}},"43":{"start":{"line":121,"column":8},"end":{"line":125,"column":9}},"44":{"start":{"line":122,"column":10},"end":{"line":124,"column":20}},"45":{"start":{"line":128,"column":6},"end":{"line":140,"column":7}},"46":{"start":{"line":129,"column":8},"end":{"line":129,"column":39}},"47":{"start":{"line":130,"column":8},"end":{"line":133,"column":15}},"48":{"start":{"line":132,"column":14},"end":{"line":132,"column":60}},"49":{"start":{"line":135,"column":8},"end":{"line":139,"column":9}},"50":{"start":{"line":136,"column":10},"end":{"line":138,"column":60}},"51":{"start":{"line":142,"column":6},"end":{"line":144,"column":7}},"52":{"start":{"line":143,"column":8},"end":{"line":143,"column":45}},"53":{"start":{"line":146,"column":6},"end":{"line":148,"column":7}},"54":{"start":{"line":147,"column":8},"end":{"line":147,"column":51}},"55":{"start":{"line":150,"column":6},"end":{"line":152,"column":7}},"56":{"start":{"line":151,"column":8},"end":{"line":151,"column":33}},"57":{"start":{"line":155,"column":4},"end":{"line":157,"column":5}},"58":{"start":{"line":156,"column":6},"end":{"line":156,"column":31}},"59":{"start":{"line":159,"column":4},"end":{"line":164,"column":6}},"60":{"start":{"line":165,"column":4},"end":{"line":167,"column":7}},"61":{"start":{"line":166,"column":6},"end":{"line":166,"column":60}},"62":{"start":{"line":168,"column":4},"end":{"line":168,"column":30}},"63":{"start":{"line":170,"column":4},"end":{"line":192,"column":5}},"64":{"start":{"line":171,"column":6},"end":{"line":178,"column":7}},"65":{"start":{"line":175,"column":8},"end":{"line":177,"column":39}},"66":{"start":{"line":180,"column":6},"end":{"line":181,"column":67}},"67":{"start":{"line":183,"column":6},"end":{"line":183,"column":77}},"68":{"start":{"line":184,"column":6},"end":{"line":184,"column":74}},"69":{"start":{"line":185,"column":6},"end":{"line":185,"column":60}},"70":{"start":{"line":186,"column":6},"end":{"line":186,"column":67}},"71":{"start":{"line":187,"column":6},"end":{"line":187,"column":96}},"72":{"start":{"line":189,"column":6},"end":{"line":189,"column":44}},"73":{"start":{"line":191,"column":6},"end":{"line":191,"column":51}},"74":{"start":{"line":194,"column":4},"end":{"line":195,"column":55}},"75":{"start":{"line":197,"column":4},"end":{"line":224,"column":5}},"76":{"start":{"line":198,"column":6},"end":{"line":204,"column":7}},"77":{"start":{"line":199,"column":8},"end":{"line":201,"column":41}},"78":{"start":{"line":203,"column":8},"end":{"line":203,"column":73}},"79":{"start":{"line":205,"column":11},"end":{"line":224,"column":5}},"80":{"start":{"line":206,"column":6},"end":{"line":206,"column":57}},"81":{"start":{"line":207,"column":6},"end":{"line":208,"column":27}},"82":{"start":{"line":210,"column":6},"end":{"line":215,"column":8}},"83":{"start":{"line":217,"column":6},"end":{"line":217,"column":72}},"84":{"start":{"line":218,"column":6},"end":{"line":223,"column":7}},"85":{"start":{"line":219,"column":8},"end":{"line":220,"column":37}},"86":{"start":{"line":222,"column":8},"end":{"line":222,"column":74}},"87":{"start":{"line":226,"column":4},"end":{"line":226,"column":41}},"88":{"start":{"line":227,"column":4},"end":{"line":227,"column":52}},"89":{"start":{"line":229,"column":4},"end":{"line":229,"column":26}},"90":{"start":{"line":246,"column":0},"end":{"line":297,"column":4}},"91":{"start":{"line":248,"column":4},"end":{"line":248,"column":23}},"92":{"start":{"line":249,"column":4},"end":{"line":254,"column":5}},"93":{"start":{"line":250,"column":6},"end":{"line":251,"column":40}},"94":{"start":{"line":253,"column":6},"end":{"line":253,"column":33}},"95":{"start":{"line":256,"column":4},"end":{"line":296,"column":7}},"96":{"start":{"line":257,"column":6},"end":{"line":257,"column":30}},"97":{"start":{"line":258,"column":6},"end":{"line":258,"column":58}},"98":{"start":{"line":259,"column":6},"end":{"line":259,"column":48}},"99":{"start":{"line":260,"column":6},"end":{"line":260,"column":40}},"100":{"start":{"line":261,"column":6},"end":{"line":261,"column":40}},"101":{"start":{"line":263,"column":6},"end":{"line":263,"column":52}},"102":{"start":{"line":264,"column":6},"end":{"line":264,"column":50}},"103":{"start":{"line":266,"column":6},"end":{"line":285,"column":9}},"104":{"start":{"line":267,"column":8},"end":{"line":267,"column":30}},"105":{"start":{"line":269,"column":8},"end":{"line":271,"column":11}},"106":{"start":{"line":270,"column":10},"end":{"line":270,"column":32}},"107":{"start":{"line":273,"column":8},"end":{"line":284,"column":11}},"108":{"start":{"line":274,"column":10},"end":{"line":283,"column":11}},"109":{"start":{"line":275,"column":12},"end":{"line":276,"column":99}},"110":{"start":{"line":278,"column":12},"end":{"line":282,"column":15}},"111":{"start":{"line":287,"column":6},"end":{"line":289,"column":9}},"112":{"start":{"line":288,"column":8},"end":{"line":288,"column":18}},"113":{"start":{"line":291,"column":6},"end":{"line":293,"column":7}},"114":{"start":{"line":292,"column":8},"end":{"line":292,"column":47}},"115":{"start":{"line":295,"column":6},"end":{"line":295,"column":24}},"116":{"start":{"line":299,"column":0},"end":{"line":299,"column":28}}},"branchMap":{"1":{"line":28,"type":"if","locations":[{"start":{"line":28,"column":2},"end":{"line":28,"column":2}},{"start":{"line":28,"column":2},"end":{"line":28,"column":2}}]},"2":{"line":33,"type":"if","locations":[{"start":{"line":33,"column":2},"end":{"line":33,"column":2}},{"start":{"line":33,"column":2},"end":{"line":33,"column":2}}]},"3":{"line":33,"type":"binary-expr","locations":[{"start":{"line":33,"column":6},"end":{"line":33,"column":35}},{"start":{"line":33,"column":39},"end":{"line":33,"column":65}},{"start":{"line":34,"column":4},"end":{"line":34,"column":23}}]},"4":{"line":53,"type":"if","locations":[{"start":{"line":53,"column":4},"end":{"line":53,"column":4}},{"start":{"line":53,"column":4},"end":{"line":53,"column":4}}]},"5":{"line":53,"type":"binary-expr","locations":[{"start":{"line":53,"column":8},"end":{"line":53,"column":30}},{"start":{"line":53,"column":34},"end":{"line":53,"column":55}}]},"6":{"line":86,"type":"if","locations":[{"start":{"line":86,"column":4},"end":{"line":86,"column":4}},{"start":{"line":86,"column":4},"end":{"line":86,"column":4}}]},"7":{"line":86,"type":"binary-expr","locations":[{"start":{"line":86,"column":8},"end":{"line":86,"column":21}},{"start":{"line":86,"column":25},"end":{"line":86,"column":47}}]},"8":{"line":91,"type":"if","locations":[{"start":{"line":91,"column":4},"end":{"line":91,"column":4}},{"start":{"line":91,"column":4},"end":{"line":91,"column":4}}]},"9":{"line":91,"type":"binary-expr","locations":[{"start":{"line":91,"column":8},"end":{"line":91,"column":49}},{"start":{"line":92,"column":6},"end":{"line":92,"column":40}}]},"10":{"line":97,"type":"if","locations":[{"start":{"line":97,"column":4},"end":{"line":97,"column":4}},{"start":{"line":97,"column":4},"end":{"line":97,"column":4}}]},"11":{"line":99,"type":"if","locations":[{"start":{"line":99,"column":6},"end":{"line":99,"column":6}},{"start":{"line":99,"column":6},"end":{"line":99,"column":6}}]},"12":{"line":99,"type":"binary-expr","locations":[{"start":{"line":99,"column":10},"end":{"line":99,"column":28}},{"start":{"line":99,"column":32},"end":{"line":99,"column":57}},{"start":{"line":100,"column":8},"end":{"line":100,"column":31}}]},"13":{"line":111,"type":"if","locations":[{"start":{"line":111,"column":4},"end":{"line":111,"column":4}},{"start":{"line":111,"column":4},"end":{"line":111,"column":4}}]},"14":{"line":121,"type":"if","locations":[{"start":{"line":121,"column":8},"end":{"line":121,"column":8}},{"start":{"line":121,"column":8},"end":{"line":121,"column":8}}]},"15":{"line":128,"type":"if","locations":[{"start":{"line":128,"column":6},"end":{"line":128,"column":6}},{"start":{"line":128,"column":6},"end":{"line":128,"column":6}}]},"16":{"line":135,"type":"if","locations":[{"start":{"line":135,"column":8},"end":{"line":135,"column":8}},{"start":{"line":135,"column":8},"end":{"line":135,"column":8}}]},"17":{"line":142,"type":"if","locations":[{"start":{"line":142,"column":6},"end":{"line":142,"column":6}},{"start":{"line":142,"column":6},"end":{"line":142,"column":6}}]},"18":{"line":146,"type":"if","locations":[{"start":{"line":146,"column":6},"end":{"line":146,"column":6}},{"start":{"line":146,"column":6},"end":{"line":146,"column":6}}]},"19":{"line":150,"type":"if","locations":[{"start":{"line":150,"column":6},"end":{"line":150,"column":6}},{"start":{"line":150,"column":6},"end":{"line":150,"column":6}}]},"20":{"line":155,"type":"if","locations":[{"start":{"line":155,"column":4},"end":{"line":155,"column":4}},{"start":{"line":155,"column":4},"end":{"line":155,"column":4}}]},"21":{"line":170,"type":"if","locations":[{"start":{"line":170,"column":4},"end":{"line":170,"column":4}},{"start":{"line":170,"column":4},"end":{"line":170,"column":4}}]},"22":{"line":171,"type":"if","locations":[{"start":{"line":171,"column":6},"end":{"line":171,"column":6}},{"start":{"line":171,"column":6},"end":{"line":171,"column":6}}]},"23":{"line":171,"type":"binary-expr","locations":[{"start":{"line":171,"column":10},"end":{"line":171,"column":28}},{"start":{"line":172,"column":8},"end":{"line":172,"column":40}},{"start":{"line":173,"column":8},"end":{"line":173,"column":33}},{"start":{"line":174,"column":8},"end":{"line":174,"column":31}}]},"24":{"line":197,"type":"if","locations":[{"start":{"line":197,"column":4},"end":{"line":197,"column":4}},{"start":{"line":197,"column":4},"end":{"line":197,"column":4}}]},"25":{"line":198,"type":"if","locations":[{"start":{"line":198,"column":6},"end":{"line":198,"column":6}},{"start":{"line":198,"column":6},"end":{"line":198,"column":6}}]},"26":{"line":205,"type":"if","locations":[{"start":{"line":205,"column":11},"end":{"line":205,"column":11}},{"start":{"line":205,"column":11},"end":{"line":205,"column":11}}]},"27":{"line":218,"type":"if","locations":[{"start":{"line":218,"column":6},"end":{"line":218,"column":6}},{"start":{"line":218,"column":6},"end":{"line":218,"column":6}}]},"28":{"line":274,"type":"if","locations":[{"start":{"line":274,"column":10},"end":{"line":274,"column":10}},{"start":{"line":274,"column":10},"end":{"line":274,"column":10}}]},"29":{"line":291,"type":"if","locations":[{"start":{"line":291,"column":6},"end":{"line":291,"column":6}},{"start":{"line":291,"column":6},"end":{"line":291,"column":6}}]}},"code":["'use strict';","","const urlBase64 = require('urlsafe-base64');","const url = require('url');","const https = require('https');","","const WebPushError = require('./web-push-error.js');","const vapidHelper = require('./vapid-helper.js');","const encryptionHelper = require('./encryption-helper.js');","","// Default TTL is four weeks.","const DEFAULT_TTL = 2419200;","","let gcmAPIKey = '';","let vapidDetails;","","function WebPushLib() {","","}","","/**"," * When sending messages to a GCM endpoint you need to set the GCM API key"," * by either calling setGMAPIKey() or passing in the API key as an option"," * to sendNotification()."," * @param  {string} apiKey The API key to send with the GCM request."," */","WebPushLib.prototype.setGCMAPIKey = function(apiKey) {","  if (apiKey === null) {","    gcmAPIKey = null;","    return;","  }","","  if (typeof apiKey === 'undefined' || typeof apiKey !== 'string' ||","    apiKey.length === 0) {","    throw new Error('The GCM API Key should be a non-empty string or null.');","  }","","  gcmAPIKey = apiKey;","};","","/**"," * When making requests where you want to define VAPID details, call this"," * method before sendNotification() or pass in the details and options to"," * sendNotification."," * @param  {string} subject    This must be either a URL or a 'mailto:'"," * address. For example: 'https://my-site.com/contact' or"," * 'mailto: contact@my-site.com'"," * @param  {Buffer} publicKey  The public VAPID key."," * @param  {Buffer} privateKey The private VAPID key."," */","WebPushLib.prototype.setVapidDetails =","  function(subject, publicKey, privateKey) {","    if (arguments.length === 1 && arguments[0] === null) {","      vapidDetails = null;","      return;","    }","","    vapidHelper.validateSubject(subject);","    vapidHelper.validatePublicKey(publicKey);","    vapidHelper.validatePrivateKey(privateKey);","","    vapidDetails = {","      subject: subject,","      publicKey: publicKey,","      privateKey: privateKey","    };","  };","","  /**","   * To get the details of a request to trigger a push message, without sending","   * a push notification call this method.","   *","   * This method will throw an error if there is an issue with the input.","   * @param  {PushSubscription} subscription The PushSubscription you wish to","   * send the notification to.","   * @param  {string} [payload]              The payload you wish to send to the","   * the user.","   * @param  {Object} [options]              Options for the GCM API key and","   * vapid keys can be passed in if they are unique for each notification you","   * wish to send.","   * @return {Object}                       This method returns an Object which","   * contains 'endpoint', 'method', 'headers' and 'payload'.","   */","WebPushLib.prototype.generateRequestDetails =","  function(subscription, payload, options) {","    if (!subscription || !subscription.endpoint) {","      throw new Error('You must pass in a subscription with at least ' +","        'an endpoint.');","    }","","    if (typeof subscription.endpoint !== 'string' ||","      subscription.endpoint.length === 0) {","      throw new Error('The subscription endpoint must be a string with ' +","        'a valid URL.');","    }","","    if (payload) {","      // Validate the subscription keys","      if (!subscription.keys || !subscription.keys.p256dh ||","        !subscription.keys.auth) {","        throw new Error('To send a message with a payload, the ' +","          'subscription must have \\'auth\\' and \\'p256dh\\' keys.');","      }","    }","","    let currentGCMAPIKey = gcmAPIKey;","    let currentVapidDetails = vapidDetails;","    let timeToLive = DEFAULT_TTL;","    let extraHeaders = {};","","    if (options) {","      const validOptionKeys = [","        'headers',","        'gcmAPIKey',","        'vapidDetails',","        'TTL'","      ];","      const optionKeys = Object.keys(options);","      for (let i = 0; i < optionKeys.length; i += 1) {","        const optionKey = optionKeys[i];","        if (validOptionKeys.indexOf(optionKey) === -1) {","          throw new Error('\\'' + optionKey + '\\' is an invalid option. ' +","            'The valid options are [\\'' + validOptionKeys.join('\\', \\'') +","            '\\'].');","        }","      }","","      if (options.headers) {","        extraHeaders = options.headers;","        let duplicates = Object.keys(extraHeaders)","            .filter(function (header) {","              return typeof options[header] !== 'undefined';","            });","","        if (duplicates.length > 0) {","          throw new Error('Duplicated headers defined [' +","            duplicates.join(',') + ']. Please either define the header in the' +","            'top level options OR in the \\'headers\\' key.');","        }","      }","","      if (options.gcmAPIKey) {","        currentGCMAPIKey = options.gcmAPIKey;","      }","","      if (options.vapidDetails) {","        currentVapidDetails = options.vapidDetails;","      }","","      if (options.TTL) {","        timeToLive = options.TTL;","      }","    }","","    if (typeof timeToLive === 'undefined') {","      timeToLive = DEFAULT_TTL;","    }","","    const requestDetails = {","      method: 'POST',","      headers: {","        TTL: timeToLive","      }","    };","    Object.keys(extraHeaders).forEach(function (header) {","      requestDetails.headers[header] = extraHeaders[header];","    });","    let requestPayload = null;","","    if (payload) {","      if (!subscription.keys ||","        typeof subscription !== 'object' ||","        !subscription.keys.p256dh ||","        !subscription.keys.auth) {","        throw new Error(new Error('Unable to send a message with ' +","          'payload to this subscription since it doesn\\'t have the ' +","          'required encryption keys'));","      }","","      const encrypted = encryptionHelper.encrypt(","        subscription.keys.p256dh, subscription.keys.auth, payload);","","      requestDetails.headers['Content-Length'] = encrypted.cipherText.length;","      requestDetails.headers['Content-Type'] = 'application/octet-stream';","      requestDetails.headers['Content-Encoding'] = 'aesgcm';","      requestDetails.headers.Encryption = 'salt=' + encrypted.salt;","      requestDetails.headers['Crypto-Key'] = 'dh=' + urlBase64.encode(encrypted.localPublicKey);","","      requestPayload = encrypted.cipherText;","    } else {","      requestDetails.headers['Content-Length'] = 0;","    }","","    const isGCM = subscription.endpoint.indexOf(","      'https://android.googleapis.com/gcm/send') === 0;","    // VAPID isn't supported by GCM hence the if, else if.","    if (isGCM) {","      if (!currentGCMAPIKey) {","        console.warn('Attempt to send push notification to GCM endpoint, ' +","          'but no GCM key is defined. Please use setGCMApiKey() or add ' +","          '\\'gcmAPIKey\\' as an option.');","      } else {","        requestDetails.headers.Authorization = 'key=' + currentGCMAPIKey;","      }","    } else if (currentVapidDetails) {","      const parsedUrl = url.parse(subscription.endpoint);","      const audience = parsedUrl.protocol + '//' +","        parsedUrl.hostname;","","      const vapidHeaders = vapidHelper.getVapidHeaders(","        audience,","        currentVapidDetails.subject,","        currentVapidDetails.publicKey,","        currentVapidDetails.privateKey","      );","","      requestDetails.headers.Authorization = vapidHeaders.Authorization;","      if (requestDetails.headers['Crypto-Key']) {","        requestDetails.headers['Crypto-Key'] += ';' +","          vapidHeaders['Crypto-Key'];","      } else {","        requestDetails.headers['Crypto-Key'] = vapidHeaders['Crypto-Key'];","      }","    }","","    requestDetails.body = requestPayload;","    requestDetails.endpoint = subscription.endpoint;","","    return requestDetails;","  };","","/**"," * To send a push notification call this method with a subscription, optional"," * payload and any options."," * @param  {PushSubscription} subscription The PushSubscription you wish to"," * send the notification to."," * @param  {string} [payload]              The payload you wish to send to the"," * the user."," * @param  {Object} [options]              Options for the GCM API key and"," * vapid keys can be passed in if they are unique for each notification you"," * wish to send."," * @return {Promise}                       This method returns a Promise which"," * resolves if the sending of the notification was successful, otherwise it"," * rejects."," */","WebPushLib.prototype.sendNotification =","  function(subscription, payload, options) {","    let requestDetails;","    try {","      requestDetails = this.generateRequestDetails(","        subscription, payload, options);","    } catch (err) {","      return Promise.reject(err);","    }","","    return new Promise(function(resolve, reject) {","      const httpsOptions = {};","      const urlParts = url.parse(requestDetails.endpoint);","      httpsOptions.hostname = urlParts.hostname;","      httpsOptions.port = urlParts.port;","      httpsOptions.path = urlParts.path;","","      httpsOptions.headers = requestDetails.headers;","      httpsOptions.method = requestDetails.method;","","      const pushRequest = https.request(httpsOptions, function(pushResponse) {","        let responseText = '';","","        pushResponse.on('data', function(chunk) {","          responseText += chunk;","        });","","        pushResponse.on('end', function() {","          if (pushResponse.statusCode !== 201) {","            reject(new WebPushError('Received unexpected response code',","              pushResponse.statusCode, pushResponse.headers, responseText, subscription.endpoint));","          } else {","            resolve({","              statusCode: pushResponse.statusCode,","              body: responseText,","              headers: pushResponse.headers","            });","          }","        });","      });","","      pushRequest.on('error', function(e) {","        reject(e);","      });","","      if (requestDetails.body) {","        pushRequest.write(requestDetails.body);","      }","","      pushRequest.end();","    });","  };","","module.exports = WebPushLib;",""],"l":{"3":1,"4":1,"5":1,"7":1,"8":1,"9":1,"12":1,"14":1,"15":1,"17":1,"27":1,"28":0,"29":0,"30":0,"33":0,"35":0,"38":0,"51":1,"53":0,"54":0,"55":0,"58":0,"59":0,"60":0,"62":0,"84":1,"86":0,"87":0,"91":0,"93":0,"97":0,"99":0,"101":0,"106":0,"107":0,"108":0,"109":0,"111":0,"112":0,"118":0,"119":0,"120":0,"121":0,"122":0,"128":0,"129":0,"130":0,"132":0,"135":0,"136":0,"142":0,"143":0,"146":0,"147":0,"150":0,"151":0,"155":0,"156":0,"159":0,"165":0,"166":0,"168":0,"170":0,"171":0,"175":0,"180":0,"183":0,"184":0,"185":0,"186":0,"187":0,"189":0,"191":0,"194":0,"197":0,"198":0,"199":0,"203":0,"205":0,"206":0,"207":0,"210":0,"217":0,"218":0,"219":0,"222":0,"226":0,"227":0,"229":0,"246":1,"248":0,"249":0,"250":0,"253":0,"256":0,"257":0,"258":0,"259":0,"260":0,"261":0,"263":0,"264":0,"266":0,"267":0,"269":0,"270":0,"273":0,"274":0,"275":0,"278":0,"287":0,"288":0,"291":0,"292":0,"295":0,"299":1}},"/home/travis/build/npmtest/node-npmtest-web-push/node_modules/web-push/src/web-push-error.js":{"path":"/home/travis/build/npmtest/node-npmtest-web-push/node_modules/web-push/src/web-push-error.js","s":{"1":1,"2":0,"3":0,"4":0,"5":0,"6":0,"7":0,"8":0,"9":1,"10":1},"b":{},"f":{"1":0},"fnMap":{"1":{"name":"WebPushError","line":3,"loc":{"start":{"line":3,"column":0},"end":{"line":3,"column":68}}}},"statementMap":{"1":{"start":{"line":3,"column":0},"end":{"line":12,"column":1}},"2":{"start":{"line":4,"column":2},"end":{"line":4,"column":50}},"3":{"start":{"line":6,"column":2},"end":{"line":6,"column":36}},"4":{"start":{"line":7,"column":2},"end":{"line":7,"column":25}},"5":{"start":{"line":8,"column":2},"end":{"line":8,"column":31}},"6":{"start":{"line":9,"column":2},"end":{"line":9,"column":25}},"7":{"start":{"line":10,"column":2},"end":{"line":10,"column":19}},"8":{"start":{"line":11,"column":2},"end":{"line":11,"column":27}},"9":{"start":{"line":14,"column":0},"end":{"line":14,"column":46}},"10":{"start":{"line":16,"column":0},"end":{"line":16,"column":30}}},"branchMap":{},"code":["'use strict';","","function WebPushError(message, statusCode, headers, body, endpoint) {","  Error.captureStackTrace(this, this.constructor);","","  this.name = this.constructor.name;","  this.message = message;","  this.statusCode = statusCode;","  this.headers = headers;","  this.body = body;","  this.endpoint = endpoint;","}","","require('util').inherits(WebPushError, Error);","","module.exports = WebPushError;",""],"l":{"3":1,"4":0,"6":0,"7":0,"8":0,"9":0,"10":0,"11":0,"14":1,"16":1}}}